2 212 16 
6 296 13 60 28 236 289 
2 85 1 
4 168 72 5 270 
6 275 62 171 166 83 186 
6 41 286 79 128 158 219 
5 249 285 32 26 192 
5 87 299 157 23 37 
6 34 4 241 253 93 250 
6 0 134 218 113 90 20 
5 33 137 263 239 181 
5 36 162 217 287 231 
2 54 141 
4 65 7 25 255 
3 116 73 169 
3 167 103 104 
7 179 24 150 295 269 45 66 
6 180 276 19 197 118 149 
6 216 210 107 277 243 135 
3 221 159 288 
7 234 8 63 29 76 199 46 
4 184 92 38 257 
4 88 58 44 240 
7 108 203 74 232 147 81 183 
4 164 220 125 173 
5 110 96 254 235 264 
7 80 227 267 230 258 248 17 
4 75 193 57 176 
6 99 246 200 102 268 67 
1 196 
3 290 245 151 
1 206 
1 112 
4 156 284 86 142 
2 201 280 
2 10 165 
3 214 3 123 
1 256 
3 213 185 215 
4 121 22 139 100 
3 282 298 274 
1 265 
1 59 
1 205 
1 242 
1 98 
1 154 
2 146 84 
1 208 
4 148 225 11 31 
3 271 190 51 
1 12 
3 15 131 130 
2 50 49 
4 224 122 195 247 
2 101 115 
2 68 47 
1 106 
3 260 198 126 
1 228 
1 266 
4 259 144 138 9 
2 111 69 
2 174 279 
3 294 18 262 
6 127 56 226 40 191 143 
1 233 
1 78 
3 273 91 292 
4 136 187 42 252 
1 272 
1 152 
2 160 178 
1 223 
2 82 145 
3 27 70 194 
5 39 64 114 291 52 
1 71 
2 177 77 
3 95 129 189 
2 140 229 
3 163 124 175 
3 21 172 43 
2 209 120 
2 48 132 
1 155 
2 61 153 
2 237 251 
2 204 30 
2 119 2 
2 170 297 
2 283 238 
3 244 109 211 
5 161 261 53 14 293 
4 281 222 117 55 
2 207 97 
2 89 278 
1 94 
5 133 105 188 202 182 
2 6 35 
