3 1135 978 6547 
3 3654 7433 4476 
3 7468 3207 5250 
3 7227 3638 9750 
3 2418 9359 7483 
3 6321 7632 5284 
3 2176 820 9231 
3 9121 8727 2480 
3 8227 3870 211 
3 3321 4557 2110 
3 7716 4793 6630 
3 3578 4796 8397 
3 3647 7678 3774 
3 7948 7376 3809 
3 9550 1880 7671 
3 6039 8563 9997 
3 7325 9910 25 
3 7913 2591 7940 
4 2736 6665 7986 5650 
3 4829 9287 5891 
3 8184 1855 984 
3 8758 2660 9380 
3 5991 1344 4965 
4 3202 6441 3737 7307 
3 3358 5886 3119 
3 9449 5982 5858 
3 8578 5903 9109 
3 5649 2053 0 
3 8965 7206 6644 
3 3708 1000 5815 
3 8967 3288 5352 
3 9459 8433 1 
3 7862 7110 1411 
3 1563 5441 2 
3 1192 9520 1949 
3 4644 6190 3 
3 9927 247 7732 
3 7575 4818 7926 
4 1776 5480 1190 7153 
3 2297 6527 8394 
3 6912 1159 7813 
3 3608 6686 3246 
3 5983 2448 2184 
3 6377 9803 8231 
3 666 1339 3729 
5 7957 2573 5174 3569 4201 
3 7804 1545 2486 
4 7929 8711 6517 6793 
4 375 2718 7458 4052 
5 1269 306 3111 3643 1112 
4 6198 3147 2758 9579 
4 1040 7108 4471 3767 
5 4058 6745 1817 5370 2252 
4 2061 1803 492 8345 
5 3371 8088 6348 1562 8821 
5 1978 1399 2411 6342 4 
3 7119 4887 712 
5 6663 3030 1874 5226 7194 
5 8703 5245 476 8119 5 
5 4214 3539 1569 4023 9092 
4 7952 1973 3560 6910 
4 3693 5332 4941 9569 
6 1833 1194 5091 6221 7133 7320 
7 8962 2944 9954 4390 7713 913 4320 
4 4150 1778 5071 9392 
4 8204 499 2887 5384 
5 4637 3008 7346 2528 9021 
4 1005 9864 6544 6 
4 8840 368 8596 4811 
5 5885 6913 364 3491 9072 
5 7040 268 7347 7581 6521 
4 734 873 9824 101 
5 9679 8102 4011 5578 1706 
5 2869 6607 7355 8824 5382 
5 3855 6965 4467 2939 6274 
5 3444 6694 6879 773 1325 
5 5860 6724 3291 4469 7113 
6 9888 9216 8189 9483 1114 1416 
5 9675 8520 3381 6753 4773 
5 297 5343 3362 7773 3330 
5 117 8342 1208 9868 5934 
6 7401 622 8290 9925 2951 3475 
7 5086 957 8071 2502 6060 1452 7 
7 519 2316 3281 7088 9252 8730 1546 
7 273 9283 4475 7779 4138 3755 2116 
6 6916 1664 8564 4352 4646 1879 
5 48 3655 2212 7621 6980 
8 84 4687 1002 3341 5020 1653 757 2639 
5 88 3555 1866 4027 8 
7 187 2008 8029 8306 8722 2225 8942 
3 203 9723 2533 
5 303 9901 7444 4483 3338 
5 311 8303 8606 7036 8038 
6 423 6228 7711 4411 6834 4439 
6 474 6160 7891 8192 766 3468 
5 549 7229 3936 218 174 
4 563 1376 9117 8789 
5 568 8086 4717 2430 1670 
8 606 3149 5222 9985 3760 3028 5646 5141 
6 672 1888 6633 9349 180 446 
7 677 4842 8509 9920 3614 5059 7291 
6 700 4586 6150 9251 9360 3536 
6 713 2774 789 7464 9530 7139 
4 719 9377 5173 5100 
4 768 4048 1555 2330 
7 769 8395 2327 6740 3193 7025 4984 
6 837 4788 3758 1381 4417 6397 
9 1066 3988 7799 7198 5562 7972 3887 8700 1011 
8 1097 2986 2589 4836 8968 2007 8618 6587 
4 1105 4070 6018 9754 
7 1138 580 3311 7379 1067 437 6520 
6 1178 7613 6911 2983 3931 1263 
7 1209 9581 2166 1206 7909 6152 5672 
6 1273 5161 9090 4520 4868 9 
7 1305 9979 6794 8792 7284 7522 2088 
7 1315 6456 1228 1421 1529 7482 9609 
7 1335 8179 3257 2717 7122 5254 7630 
6 1515 7911 9463 1319 835 3292 
7 1543 3471 6662 5721 5371 1998 8753 
6 1560 4877 3430 9763 1022 7097 
7 1757 445 7028 3104 1146 1284 8493 
8 1867 6961 6044 726 6208 9044 4604 5272 
8 1900 5598 7709 864 2288 807 8377 4966 
7 1992 6424 1512 3334 233 5968 2769 
7 2009 4066 8458 9845 7684 2265 589 
4 2015 4006 1018 7534 
7 2135 7318 1113 6200 1023 3861 208 
7 2247 1794 1024 7196 2346 8718 6870 
7 2356 1993 8024 5295 5553 8994 9636 
3 2384 5513 10 
7 2432 29 3409 8073 9186 7432 2302 
8 2465 920 3692 5615 8566 872 240 884 
7 2519 3457 3527 6735 2751 5067 722 
9 2571 157 2507 1492 4084 4065 1626 3259 11 
5 2581 2445 6063 729 4570 
7 2695 6529 3138 3557 9249 2709 9732 
9 2720 961 489 2324 3990 5954 4528 89 6189 
10 2735 4894 1735 6269 3651 2147 4629 23 2669 1977 
9 2883 8420 4536 7329 5307 9346 7600 2509 1322 
8 2917 4495 3333 400 7373 1246 8000 5597 
9 2920 222 5341 8271 7020 1959 8719 6143 8135 
10 2949 8728 2296 2026 9385 2866 389 2463 5618 1496 
7 3055 3168 5491 5377 1143 8330 9708 
9 3090 55 8587 9649 7314 4450 8253 7700 1623 
9 3156 583 5971 6884 2112 2412 251 5821 3313 
9 3167 3743 477 4511 4255 4588 3705 1300 12 
10 3253 1815 3540 2074 8546 7990 3620 9326 2563 6328 
12 3307 2941 7064 1860 9011 6293 7075 6207 1439 1680 1293 4412 
11 3442 1724 9402 6239 9289 9019 9999 2172 464 2038 1652 
10 3549 585 696 902 9744 908 6463 1015 3749 6933 
9 3580 8787 7210 2649 4301 6914 8319 7173 6766 
13 3607 9523 9670 1323 1363 8348 4838 1442 2593 7146 1378 4319 5534 
11 3629 2912 113 1414 9503 3739 6610 3388 6518 4891 6759 
6 3696 7453 1427 7601 7527 762 
9 3817 24 6649 9046 8158 457 6744 8047 13 
10 3869 9411 7455 8459 2642 9613 1785 3252 1009 5679 
10 4008 2559 3025 3918 1651 854 3230 5296 4241 362 
12 4059 4143 7141 5402 8302 2523 6245 2981 7809 1586 6170 8443 
12 4071 7877 9820 9347 9495 4107 3086 486 6365 8331 9088 5347 
11 4078 9187 9935 3773 5711 1922 5813 6795 9430 7223 14 
11 4090 5381 3049 2436 1177 6825 3225 8070 7115 6111 1669 
10 4094 5424 5304 7186 2123 6536 6647 1844 6127 2767 
12 4309 5716 9291 8489 8739 1970 2654 2541 9451 4177 8654 6390 
12 4377 541 7640 219 8557 8848 6327 7239 6591 1642 4846 9772 
11 4379 2828 1384 2426 3833 2171 7147 2337 4042 8022 7846 
11 4435 7293 1773 209 3325 6515 6845 1088 4662 3712 8097 
8 4494 6767 4387 9267 4405 5914 7061 8998 
11 4525 4307 610 6654 1689 5920 39 8788 5147 7252 2039 
14 4601 2576 741 4098 1838 8104 1186 7438 310 1118 3850 4778 3713 4192 
6 4679 6238 9301 3903 2627 1758 
12 4742 6695 4346 8675 1883 7993 6669 6645 8605 8490 1410 8645 
12 4758 8559 6418 7114 8978 9804 8111 1893 8278 1559 5586 9567 
15 4839 372 5406 3667 6135 4648 5732 6762 4329 2677 7182 9472 1507 2090 1674 
8 4948 8892 7662 4317 8080 5334 4538 3185 
14 5018 4618 1353 2278 3245 6877 5887 3433 1061 9600 5533 5819 4622 8827 
5 5137 8553 3742 2840 5244 
13 5192 8406 6900 4208 6155 6430 9737 5780 5294 1705 2658 1254 8027 
13 5235 3103 61 3005 1625 332 6399 9418 9146 8947 1374 8543 5980 
12 5299 2020 2313 7864 9996 8448 6076 5444 7899 7093 6828 6213 
14 5300 4855 3564 1227 3826 315 4830 6222 8571 5883 3134 1646 2617 2251 
13 5324 6115 5902 6656 4693 7546 9735 2343 1027 8726 7467 4865 4989 
14 5335 5440 1528 6843 3236 2512 3396 7152 388 7506 4127 2813 4296 1028 
11 5445 5497 5693 1406 6004 977 5437 3709 4929 7281 6934 
11 5717 3410 3249 2538 1142 507 8245 4420 4716 1948 1336 
12 5769 5868 7810 5572 493 6340 379 6583 8430 5501 9476 7524 
12 5970 6952 5218 3640 2742 3566 1459 3824 1087 9677 6524 3440 
6 6002 6031 1676 7383 2620 1582 
6 6252 584 1140 6350 3618 1403 
14 6263 6277 9020 1332 817 8426 935 3778 3751 5478 2664 4277 8301 3690 
12 6381 9207 2429 1447 7553 4624 4493 8996 1956 5376 4243 1472 
5 6403 5557 384 6960 15 
13 6412 9626 3697 1013 7585 5621 8173 408 5969 9304 231 60 5796 
10 6466 6541 3294 9452 7768 3740 643 1695 3367 6384 
14 6670 6689 4882 7849 6404 8586 2495 2825 4636 3088 7733 8154 9766 3736 
15 6706 6783 3239 394 567 6849 3779 1111 5169 8895 943 2964 3619 452 7521 
11 6807 6815 4056 190 5237 7224 3512 5344 2359 9515 3750 
12 6822 6831 6361 6502 7230 8902 313 3315 9436 7362 1558 8417 
14 6901 2531 7687 8020 4635 318 4744 8326 2099 1204 4432 8850 7111 6500 
5 7005 7013 5985 5859 9318 
9 7070 7109 3669 3507 5975 8113 8069 8925 1783 
4 7270 1433 8402 16 
11 7399 8698 1407 5359 825 5593 3694 7760 142 3458 3125 
14 7429 7463 7475 7499 9698 8736 3849 8254 8035 137 9740 8414 611 4490 
10 7561 5227 8021 7000 1835 81 8793 6090 17 9719 
10 7657 7861 6139 2714 6053 6409 415 8373 3827 18 
8 7928 7936 9138 6319 9914 5471 1212 6358 
12 7956 7965 4873 8055 965 5158 4709 4559 7015 8147 8046 7817 
11 8175 8292 7188 7889 1734 8224 1685 454 1037 4321 8077 
13 8310 8329 554 8149 5743 3368 1430 6333 5919 5281 7472 2853 7100 
13 8477 8518 8640 6780 7435 9052 7319 7102 8995 3530 1736 4736 19 
4 8670 2177 7049 9104 
13 8708 8731 3546 7512 1697 6567 1422 6548 5979 8870 4124 2659 7830 
5 8773 641 9329 2704 5816 
6 8878 7579 8780 4523 4325 788 
3 8890 923 20 
15 8950 8213 7156 5654 212 9179 6597 3986 8599 229 948 4799 3883 4841 4360 
16 9003 9084 8630 4781 6851 1524 1102 2556 3135 9049 6015 5232 2134 8865 4922 1972 
6 9140 9256 9817 6692 7655 21 
13 9305 9313 6485 2788 3354 9071 767 8028 613 8422 22 4348 1080 
15 9325 9393 9409 3197 2928 9702 4913 2977 6600 1356 1699 7460 2117 6693 564 
3 9504 9693 7071 
10 9514 9563 2233 9191 2782 6966 8809 3163 5573 26 
12 9619 9707 5881 3276 699 5517 47 2754 7068 2191 4949 7947 
18 9752 9799 9847 7140 7398 5034 4154 4953 6484 7680 6129 9921 6158 4281 9536 2508 7509 5792 
8 9913 7380 97 5909 5742 9770 7181 27 
15 9976 5027 9166 3575 1090 4863 881 2693 3508 1763 2812 5604 4158 2450 28 
12 8783 7180 5500 6220 6480 636 5317 3161 8982 6113 8217 5898 
13 9733 4583 3176 4507 657 6904 894 9489 8929 6241 3528 3984 1662 
14 2603 1609 6752 9586 3232 7176 8661 9372 4361 8251 2300 2755 2764 3998 
13 1605 2006 2690 4205 1721 7609 2237 3272 6322 2203 8921 3933 3029 
14 1170 8699 5282 210 2984 799 9848 6801 9519 1180 2032 3204 5857 1266 
13 3596 271 9869 5662 5008 576 2308 6499 4337 7410 8235 6770 9991 
14 1637 9852 5540 7193 9897 4802 2710 1789 9048 2698 1722 7441 8684 3899 
13 8262 9246 8370 856 2954 6114 594 8679 258 9765 8740 6690 2130 
13 9405 2079 874 1326 7535 4249 3145 1610 4181 3848 5063 939 9469 
12 2738 4537 7248 35 4123 8815 6855 7519 3298 8808 976 9461 
12 7612 9544 2881 3116 8667 1709 2777 1821 1751 1304 3431 9813 
14 8932 5358 9556 2056 8194 7150 3635 8200 1713 9986 432 5953 1134 2318 
15 2424 3579 4455 3017 849 9232 5211 4043 262 3890 831 8862 3346 2554 6860 
14 5387 3384 8410 7934 9199 7679 350 5168 6382 3324 2998 6819 4120 67 
15 2942 9851 6410 2896 5124 5782 688 4419 9601 6465 8122 5543 2671 5399 2260 
15 8484 4260 2915 533 2000 867 2882 5561 9509 8139 4140 2049 7820 4732 4982 
14 1784 8323 8803 8188 249 7650 7528 8340 3676 9878 8019 5456 8171 8540 
12 5875 6875 2132 1474 7971 6581 2678 4275 5811 1456 3289 1510 
15 3148 6558 513 2031 1046 6197 1842 4810 7835 6477 3741 1359 4592 6613 9638 
16 658 5808 1852 2198 6563 3439 4068 2851 798 879 6514 8556 44 2170 8499 690 
15 5727 2536 8715 5017 1755 7342 7778 2125 3389 4022 8581 5293 5665 8612 4268 
14 7287 7129 8447 7277 5830 9478 9462 5705 264 2747 7784 9374 1929 30 
14 1438 2748 6951 3022 4854 6907 852 6298 4191 4005 8838 7789 2530 3626 
13 109 1251 2216 4704 9381 5864 1882 6988 8762 5404 7393 7058 7686 
13 7471 3910 6473 7994 7816 8244 9403 1131 8913 5653 3975 3617 1425 
15 9473 8774 435 6173 2075 8830 1513 5950 5325 2298 1939 5108 9005 4795 7163 
13 9128 4112 8464 7019 7275 5140 5589 2481 5348 5637 737 1150 1958 
14 8425 9137 2230 4807 7884 5426 5635 6226 2476 7218 9585 4844 3985 1237 
14 6329 8277 4349 2470 3685 8099 6830 4438 4763 3265 962 5571 2625 2672 
14 6658 2335 6125 7337 6244 1016 6995 7767 4231 4069 6260 9637 8013 4382 
14 4885 8274 4482 494 5764 5556 8048 4492 9642 6470 9827 3021 4399 843 
14 4546 4184 4228 5287 5021 9541 7854 995 8156 1931 2818 818 4305 8938 
14 7704 6304 6420 3537 2173 7501 129 9663 9840 329 3478 5179 6505 1054 
14 2357 8786 5626 633 5910 194 742 5498 8276 702 3611 3120 901 9850 
15 4428 7082 8207 3453 6133 6850 5794 1316 3516 3633 7476 2922 2897 3884 31 
14 2641 7677 933 8167 6297 3722 7599 8886 8999 579 6191 4103 6330 3077 
14 6123 6110 3188 497 6247 8857 3689 8632 3964 2592 6405 3825 4013 5655 
13 9406 5698 4080 7663 189 4772 5851 3504 2474 535 994 3969 2628 
14 5213 8449 6756 4666 2178 967 2021 7635 2615 5669 5652 3679 4292 5460 
15 1372 1100 3092 2382 6009 7924 6495 3650 2510 5138 3229 710 3224 7391 3624 
14 8209 1588 2783 9497 7037 4470 8958 7844 1478 438 685 9172 5841 650 
13 1630 2899 1869 1252 6078 9836 5134 4950 3312 1021 4823 6603 32 
14 6493 8548 4815 3398 2857 819 693 3337 9528 9960 2773 2544 6339 6507 
13 5948 5393 3510 8940 4415 3432 9943 4727 1216 1633 7533 626 170 
14 4706 2422 6765 4973 5457 4939 8031 2582 3515 6614 7436 9673 6479 562 
14 2838 8203 8440 2167 1346 5064 9880 9686 5802 6889 2376 9176 7825 6964 
13 8629 9030 3594 5260 9229 6509 605 4774 4286 1923 6494 758 8198 
15 5113 5466 481 6503 4366 4819 8334 581 2269 3733 1847 6917 1006 5512 5109 
12 6747 442 3680 3181 8239 9658 2619 4580 1341 3408 1961 7123 
14 8435 1564 6526 6618 2760 4698 7815 1808 3957 4820 1805 1038 6492 2077 
14 6199 7357 7927 1777 871 524 680 4100 4465 4172 9721 3043 2163 4486 
15 627 3865 4207 378 2706 2680 8819 6540 6225 631 4753 926 424 9906 7943 
16 739 3208 661 3603 8110 952 1561 776 2768 4373 8568 6291 828 9281 2618 8120 
14 1593 6164 4657 141 4584 3027 8975 7127 9608 5758 9970 2273 7696 6561 
14 4223 5049 6550 9341 2406 230 946 9055 1285 4054 9004 2271 6467 4185 
13 328 8573 6634 6580 5809 2561 9862 1400 2070 2100 9829 7904 8607 
14 3951 5710 1267 6575 5994 1431 592 8946 5842 2806 3347 6185 5438 358 
16 3329 2401 6475 8412 6582 4121 3178 7703 3552 5949 2516 9990 1343 480 3110 478 
15 9768 9965 7557 1365 7988 285 5734 6320 8230 5322 6212 805 8054 4041 7749 
15 4437 9627 1986 4940 3169 5394 8906 3926 4991 5580 9714 5900 3588 8572 33 
14 2143 730 3445 5660 1947 320 940 7771 2759 8923 1579 1139 5524 263 
13 2106 1995 8614 6062 9687 4235 905 1108 3702 6840 7375 7288 5405 
14 7104 9559 1628 9100 5847 6306 4898 3091 784 5683 360 398 7937 747 
15 8376 3989 8536 7668 7811 550 6622 5000 4015 5197 8341 8374 1020 6890 3950 
13 8713 5425 7174 1553 7078 2933 1289 4500 8934 301 6994 9916 1540 
15 5990 3572 3050 9180 3227 6104 1286 5255 1426 5812 770 9834 9573 9938 2458 
14 1984 2293 4761 354 9833 9810 1682 5164 7450 1077 298 4145 8131 1574 
15 4414 3891 428 9464 6251 8237 8986 6124 3810 4530 2819 2597 8980 2210 3251 
15 2791 6206 2338 921 4496 5658 684 4936 9760 1940 3014 7011 181 383 8530 
13 1530 9255 4404 8609 2240 3278 4135 7997 73 488 707 5723 224 
16 6786 839 607 156 6680 5072 7753 9253 1144 9484 7459 4987 9796 7795 4908 2498 
16 7116 7428 150 9042 772 2122 3277 5479 6072 3020 4364 3559 3562 2169 2816 4600 
16 2784 200 7867 7494 2368 5062 7788 5639 7658 1481 8508 5714 5629 2208 5275 3394 
14 5510 8784 8653 7387 6868 2684 3320 1849 8948 447 8057 8957 6434 8759 
15 4959 5856 8040 4029 1565 6416 7368 600 1007 7059 5431 7235 9131 3380 8123 
16 3160 9412 565 9819 7191 3731 4204 1035 6362 3179 5895 3718 7731 7404 8091 7566 
15 3170 409 4141 3940 4433 624 7707 9258 9257 7069 2845 3286 644 7611 34 
13 1635 4720 6729 5238 9160 7757 8061 5997 440 8622 2724 5884 2994 
14 5744 5890 498 4862 2966 9644 1918 6256 323 5248 3591 3723 3928 8434 
16 5818 9306 6202 5756 2852 7316 5094 6387 8215 8240 8249 6242 8847 3838 9811 2827 
16 6457 5487 3947 1260 2937 7643 8481 3438 1056 8389 1645 3046 2609 8350 7606 8045 
16 3067 4848 511 8298 8851 4824 5171 3296 6217 6576 392 2691 8222 4393 3069 7311 
17 842 5746 4194 7446 4481 1537 1051 4569 9748 4573 5461 6717 6087 3279 557 4156 4374 
13 9691 3068 6141 876 6562 3828 687 8949 669 4133 9993 5390 3489 
14 6168 601 3051 9505 5608 8935 7330 5828 7836 8538 4911 3631 3711 7610 
17 945 3976 1221 7710 9647 7014 2063 9153 71 2902 1663 4220 8453 3880 7008 9690 2980 
16 7451 6741 9815 5674 4274 6056 9784 9929 9924 5776 9184 1473 3284 2586 998 6215 
17 3196 6455 9105 5156 6537 3952 7659 7363 7556 9578 1878 3492 3688 465 587 1809 6660 
15 5189 5516 9512 9273 7555 6699 5350 9245 6259 6311 5977 1962 616 4886 36 
16 9595 8832 4088 9949 8506 1428 8881 8297 3297 1367 6112 1573 5504 8196 6080 4903 
16 166 2957 7255 656 6066 6674 6462 1229 5346 2136 5198 2608 1003 4955 868 8738 
14 2975 9890 1634 3205 76 7672 8107 1385 7859 7673 6559 8210 9069 9792 
16 4233 448 3502 2128 2630 2805 9471 7242 9338 2196 1137 1887 8582 899 797 2982 
17 5112 3024 5829 1797 5241 8413 3216 7782 7280 620 9648 6051 9097 3032 5149 4861 37 
16 6924 6068 3426 2333 8665 2790 8620 243 7056 7053 9540 7496 7758 8480 2697 2469 
15 3459 4196 4003 9135 578 4832 5391 8473 7367 7744 1074 4040 6453 9250 1898 
16 9087 4421 6474 8353 1660 9474 7195 2499 548 6817 6019 9831 8535 1375 7855 4767 
16 2511 284 6523 5622 3829 2645 2142 8845 7050 2491 1983 590 5697 5407 2610 5395 
16 2711 1908 4245 2527 8798 5373 9533 8704 9726 6725 3304 7017 7641 7615 4338 4683 
16 7117 8588 8747 8529 105 5176 6116 3061 1936 3703 7154 3656 3812 6702 5647 639 
14 9685 6003 267 7448 8585 880 8153 2214 9076 6349 5361 7714 5538 8959 
17 5060 9274 1655 9002 9576 6248 4012 1854 7930 8356 7705 3571 3719 1318 8710 6869 2993 
17 8979 1218 3199 2551 7633 2246 5475 723 9672 148 4162 3791 675 526 8036 5030 196 
18 9974 9806 3632 5054 2473 9238 4768 183 609 4751 6616 5536 4332 9915 4018 8098 2363 3665 
14 277 951 9065 6946 7490 3699 1533 8202 8441 188 5474 7783 5606 2750 
17 3424 1313 5917 708 9639 5380 7094 7536 2092 2815 1536 2926 3589 6439 4488 38 3047 
15 7372 780 5495 5962 4072 5502 6560 7511 2629 8888 8701 9227 390 8423 2846 
15 9401 2455 1240 146 553 6596 6974 9933 4385 3868 4779 2227 4725 9034 1191 
16 206 4826 2916 6512 3434 7267 7510 9621 6099 3441 3390 9736 3857 3097 1730 8267 
14 3601 9487 3220 3345 5465 9397 7699 6894 4380 4735 4479 5682 5362 8106 
15 4164 640 9158 7143 2670 7497 5330 165 5489 1408 2289 6721 2276 9794 6615 
16 4935 6922 1627 6089 4147 4358 1132 4572 7200 427 1064 7356 2848 8717 5784 9645 
15 5006 3066 9751 4971 3570 5470 5763 2091 4599 6032 455 7586 8874 7374 1288 
15 2963 5771 6984 3949 9741 7627 9456 5570 3056 1350 1115 5265 2055 5731 1731 
16 6192 9575 7882 9062 6566 5532 4000 4175 1659 4261 2329 1701 3386 9545 6011 4203 
16 4910 482 7226 376 5374 8182 3323 5080 9856 1354 2326 7881 4091 9488 2185 4271 
17 2118 718 4938 5690 369 7614 1781 5877 6075 6761 4808 9123 2019 136 5449 6976 8096 
13 4200 502 9524 3117 7498 6452 9548 2124 1225 5889 2540 5029 40 
17 892 2539 1508 6380 6999 9826 5098 4051 4972 1813 1377 5666 4047 4186 4129 667 9132 
15 9282 5712 6402 5298 2548 8064 2876 588 2310 9507 327 4750 4961 2521 391 
15 4170 7430 9314 9364 377 5664 1538 7408 5834 6631 898 6650 418 1120 6533 
16 2520 7638 1518 6023 2602 698 1818 813 5412 8836 5599 8137 3929 8861 1636 8006 
15 3317 5955 4914 5952 8820 5801 155 5152 8702 9668 7968 5230 5415 8744 1446 
17 6804 5541 3036 4639 2702 3496 9376 6543 2549 4812 7051 7057 8424 5631 58 1174 7982 
17 1010 4705 559 7457 2315 561 7125 9966 1333 1303 2940 4311 8087 6997 9390 3978 9323 
15 8574 9874 9625 4017 3905 2923 539 2858 324 8891 8332 5125 8275 8802 3858 
15 4661 4686 4645 6013 6301 6184 5326 6564 4431 9861 7165 9700 1418 900 4983 
17 1121 1843 2999 6132 9652 9513 9083 4925 7775 6895 8082 6931 5720 3153 6073 5046 9651 
16 9286 2036 5628 1864 938 7259 9682 5181 6371 6046 4901 8641 638 5047 6919 3866 
18 1489 1955 5686 9068 2115 9379 2729 8121 2018 7878 4977 1327 3480 1019 86 5408 6667 4118 
15 3461 199 6903 161 5087 538 78 9865 6214 1213 6676 3586 4473 5865 4859 
17 7792 4673 164 6313 2809 1199 4212 985 2155 7688 9787 7996 811 2441 5874 5939 3971 
17 3403 3191 9457 1160 3211 7090 5738 5820 2637 5749 6093 8001 5398 1718 307 8163 9260 
18 7249 4733 982 5724 3609 2893 3534 288 7747 8056 3180 5312 5280 5253 1076 840 6246 144 
16 1030 2566 9353 9037 6172 3173 9894 4122 3548 4967 3327 6481 5225 6227 3275 2607 
17 5369 5090 4957 7665 4857 4625 8822 3060 651 2096 8879 3535 2770 1552 5311 1834 4371 
14 7631 3114 4063 1282 9659 2749 2162 4672 1935 3853 8337 5111 8633 245 
18 3129 6413 9118 8652 5221 7142 1034 3805 6935 4931 6445 4157 566 3064 4760 6944 9203 746 
17 9316 6265 8868 6119 7558 1875 4840 5320 9588 7850 7577 7742 9860 2427 792 7405 1802 
17 2681 9631 4656 2653 7513 7392 928 1666 5762 1219 756 5896 2839 8527 9277 3378 8211 
17 8328 6942 2731 348 2407 412 1772 1033 2487 351 7563 3012 1055 1658 3218 8216 5549 
17 608 6058 2686 4344 5684 1819 7520 8201 1895 6501 4752 1093 6210 3402 9771 9956 3415 
16 5089 1904 9681 8761 5481 8004 8115 9047 8619 822 6782 4606 7161 5790 2321 3658 
16 6307 5285 2577 7682 5279 4074 991 2433 4678 6792 4968 4976 5931 6288 9417 6302 
15 7406 6255 4028 8937 382 4340 7962 3519 8561 4510 9024 778 9532 5775 1848 
16 530 3544 2323 3393 1831 2765 1889 6687 1280 6035 3255 7766 1173 9759 4474 2322 
14 2657 7876 6886 252 8023 6678 4730 2283 3166 2836 82 8517 8365 3048 
19 9666 7648 8915 4020 330 8094 7516 7296 8009 8672 9883 7989 3533 3264 1226 3664 9309 1185 8012 
18 6450 5602 6927 4355 7727 2694 2461 8357 367 6300 1969 8078 8770 3994 632 182 5037 8375 
17 6296 1830 9064 5366 7488 216 8471 6229 1462 8095 5563 794 5273 8594 6314 3860 6948 
17 9830 3966 986 9561 7080 3959 7340 2004 8885 1542 1060 8226 9918 1247 8321 5926 1086 
14 6159 3490 9872 7344 3210 1042 2263 5509 6594 5661 3892 9599 2138 4729 
16 5748 7690 4024 9156 1979 4608 7189 2454 269 4563 9129 7042 795 3965 5446 5496 
17 41 950 5409 7903 2599 7250 1894 143 8666 3042 5508 1547 2843 9354 9931 980 3267 
15 7574 2651 2119 5844 4561 4992 8936 1703 9147 4339 9558 6748 5760 4095 8674 
18 8462 326 4782 9130 3122 9849 6146 6102 815 2342 8825 6627 3500 343 4695 325 7002 4179 
18 8157 6021 2060 8785 353 2052 8767 9547 8170 1615 4174 6323 3543 6257 9517 5065 5836 9596 
18 1640 5668 5433 4326 979 582 8304 8720 7623 6287 9552 7289 8898 5944 7938 6136 2307 3132 
18 1276 4202 9182 1613 2612 6363 5166 80 5365 4934 8503 7906 8552 8178 8002 6193 1829 9876 
18 4630 8133 3615 1487 3867 1464 9919 8281 1925 5223 7437 8391 4506 1082 5545 1277 7539 1746 
16 5636 989 1845 7762 1944 9026 441 5518 2822 8468 8083 1210 9776 1966 4446 4424 
16 4502 5234 5913 272 4128 2431 3844 8900 5338 911 3612 9317 2243 749 5048 5547 
17 3821 9654 4990 6460 6769 1435 2285 5103 5531 2133 4904 910 6458 6623 706 4803 2041 
15 6836 2518 4409 7479 2867 7164 1551 8526 3794 9058 763 8265 5848 8260 8778 
16 5554 8991 3802 4119 2057 9270 7720 3889 5960 9290 6978 1306 295 3819 5224 5644 
19 3991 3972 9410 1415 7872 7842 5908 9664 179 764 2970 5003 5825 8519 6750 3897 4757 3000 9424 
15 9543 9485 2663 1181 6243 5306 8549 8828 5010 5178 6482 7228 6595 42 3503 
18 9320 5120 846 4403 6121 7898 6602 8525 4381 3864 5024 5973 2864 3084 5726 2890 5434 7481 
19 4833 1804 290 753 380 7274 9607 686 9755 558 2726 3681 5485 5876 4553 7024 1575 2880 5146 
17 3830 3906 4615 2011 6041 9998 1525 4152 2416 7478 3637 9220 4790 6271 2564 1089 9196 
17 5996 2780 3375 5107 8806 1475 816 2144 3682 4952 4401 9336 6118 2410 7348 8053 4378 
17 7666 4658 5751 3759 5941 2844 1253 1554 6887 6005 6147 4909 1261 2312 7625 1136 1361 
17 2973 9657 1693 7425 3469 9322 5484 1358 1347 3322 9307 1865 3514 790 5035 3780 7681 
17 5214 4875 4659 9159 2192 8218 4173 2405 9903 2379 8411 4649 796 8185 2865 1107 1071 
