29 4182 2297 4751 7230 4195 3118 5167 9182 9994 6276 4204 2651 4344 9769 337 3657 8764 803 538 9701 8822 3509 267 8929 1254 253 9916 8412 1868 
30 3216 3235 8850 1148 3763 4910 8663 6622 7866 1098 3908 4945 3721 3543 989 8475 6226 6180 5154 9509 6775 3428 7599 7469 4624 4510 2938 8792 3901 4747 
28 6975 3104 1330 7449 2253 1985 6262 173 1149 4577 4243 4136 5438 9010 3889 8362 5627 7570 3776 5676 7913 9374 826 3842 2712 5780 2594 4625 
31 8044 1125 6595 1976 7575 3292 6500 9571 4190 1132 2654 7131 5550 8448 3011 2534 7167 8190 2309 6083 9429 3365 7269 6592 4336 1580 486 5032 2059 1738 3818 
27 4935 3025 182 2482 653 6027 8737 8793 4588 257 5983 6310 7388 6338 6323 471 2026 1087 5807 3689 4296 7972 7770 31 6029 8132 7215 
28 3873 3169 6623 2430 2126 7910 5875 530 4641 3813 6914 1585 5024 805 5067 1382 4129 3820 7064 1043 6937 1514 8308 5615 1509 166 9841 1921 
31 1566 5030 534 1909 8699 2144 2569 2608 8920 1882 6523 8988 3892 2188 5162 3393 7953 9232 3639 9653 424 9897 154 6642 2443 1583 8845 9774 8290 1551 7911 
27 7883 9288 7695 8833 9719 6519 3513 3770 2176 5659 1309 1915 3095 8255 2837 9617 8720 6695 9237 7819 5872 7019 566 3120 1211 7996 4087 
28 4052 1925 8227 2012 4976 1760 1593 8022 3018 6015 5964 4952 8989 6291 7656 6492 8034 7027 1901 6081 4427 5155 3438 6366 3607 9388 5204 2254 
28 9371 3775 6935 2930 1229 6752 8235 5843 8224 6183 334 6386 8334 5727 5505 386 2690 9195 3935 1041 8427 9572 7616 3760 8105 2493 8898 6091 
29 7277 1568 6497 1021 2971 5598 3757 5912 9795 3711 5293 5023 4990 2044 6486 125 1667 4819 2174 3945 9386 3206 7902 6799 1237 3710 4683 6830 9741 
29 4189 280 5889 4091 9130 2168 8462 6686 2310 3678 5578 2887 3488 4294 512 4207 4522 7823 3852 5444 6019 4755 2784 714 8637 7741 7424 6480 2338 
30 7849 1204 2793 2933 8083 2201 2058 3997 9350 2142 619 1435 2412 1934 4180 6873 30 8288 3552 8429 8419 1649 6608 7263 2553 8802 5391 617 3868 9510 
26 8078 474 8027 4529 9777 2429 9406 9660 400 9545 1960 5600 2730 4167 1840 5825 8291 9965 4709 8521 821 8788 3196 8596 870 6730 
27 8786 9136 5511 1175 4009 7185 1340 8292 4885 7955 4857 7400 5137 8775 8135 903 8414 9465 347 4920 9318 7048 1957 9148 7789 8514 4977 
30 5832 8364 6640 1520 229 6767 5796 7441 9267 9889 6918 3453 1176 6945 604 494 5056 1584 4016 2676 5892 146 5217 6209 4664 5344 2357 2400 3540 7134 
26 9475 1788 6754 676 3851 7239 1433 4413 1749 3273 3284 1761 6696 3978 4492 2070 6967 1970 1696 9610 3586 7683 2054 3308 4354 2565 
29 5482 7642 9635 7698 6748 837 9329 8264 7468 6666 9281 5963 4658 8278 947 5268 3740 2660 2726 4770 9357 3725 5011 9620 218 843 4698 6524 5240 
30 6430 4634 5771 6093 4957 1758 555 2637 3489 980 1317 1516 2050 8939 7118 4199 6438 4843 5692 7127 4429 6165 1381 8326 2340 4008 7991 1010 4775 3504 
29 2417 3929 5903 350 1124 6348 8711 5742 2403 3481 5412 529 986 1294 6706 8534 613 1710 508 122 3966 885 7490 4407 6532 9927 1323 8819 2288 
29 4611 7047 3119 7421 9019 6351 791 3297 2489 8262 373 8214 9677 781 4045 2671 4839 1272 5806 3088 5920 8612 5145 9167 5408 6415 9687 4832 711 
30 5254 2091 2803 854 9785 5182 5610 7201 9393 230 3791 3392 9497 5219 6375 8597 1057 3376 8396 8199 1180 2773 6316 7287 7457 1393 1464 9188 212 9895 
28 2717 9446 1040 276 7020 3412 6731 8239 1525 2415 4292 4435 9072 8686 6749 9729 7737 440 9758 4972 1463 242 2856 9686 344 8061 4940 1773 
27 4974 7704 9940 6374 1515 7016 3335 8263 3887 4958 9173 2184 6701 1552 4113 6396 5554 2596 9199 6144 7452 5657 4631 6169 8024 1522 9307 
28 3187 1143 9942 3519 9079 952 5478 3854 3745 1310 5314 2656 5080 5027 6453 4232 299 755 6232 7372 3980 8905 5719 235 6008 2670 1212 1766 
27 577 8383 5077 2244 1429 4639 4975 743 7580 7847 6651 6085 3771 8883 8490 6119 3013 812 4604 5871 6080 5120 6011 6013 6988 578 2623 
28 7576 6683 8592 659 8063 7621 6105 6361 3037 8316 9919 1045 5411 4748 2869 131 5242 1652 9401 28 8676 6465 809 44 4437 8070 2249 8465 
30 156 1764 3361 2205 9984 2013 8500 0 2525 2183 6609 4591 1695 7300 861 1063 7909 2653 7808 7428 9316 7098 9639 2190 752 9025 9894 2789 825 697 
29 2995 4759 5209 3951 9816 4252 2770 888 1532 5055 4281 2913 4295 9279 8124 2475 1169 4191 7635 6682 4333 1922 3469 5624 640 415 7900 5635 496 
27 3922 4349 1956 2512 3762 3347 2096 1821 6872 6171 8813 2833 1029 7233 367 2714 6512 9706 6604 8930 5250 5709 3687 641 4998 2213 3006 
30 6428 9858 7397 130 5148 4082 4221 9533 1777 4500 4822 9247 5352 6780 7043 475 9050 9427 6045 2045 279 7 9472 8179 2491 652 4619 2371 5851 9212 
29 5014 4447 8415 8003 9967 5542 1521 9943 9327 7062 5036 1709 1935 4583 6591 3888 2193 6953 5393 1006 3965 3413 8010 5445 455 7106 8487 6650 4300 
28 6229 9589 4067 9956 82 2801 308 3604 5090 5189 2924 5699 510 6298 7363 3677 830 9426 1265 1884 9271 9682 942 9924 9285 5491 9829 3570 
27 3590 7337 8434 3099 9627 5210 7349 2679 5369 6344 5906 3058 8507 9736 9877 8087 5884 3408 4086 3967 2180 3538 9813 1815 1881 5928 8096 
29 2265 6796 6928 7161 2085 9773 8791 6874 5278 5070 7672 3290 8248 8925 6418 1713 2972 8684 4719 246 1775 3294 8388 8088 6086 616 3207 2850 1778 
28 9392 5524 8568 6046 1560 1025 1373 5587 5301 4929 7032 1034 2235 6414 95 1391 6963 4162 7783 8735 1107 9364 9342 6745 1115 3958 9109 6575 
27 2182 4797 1751 4535 9384 1217 2642 250 3904 6553 5028 3494 1919 9389 8871 5662 5205 4498 5099 3924 2363 7619 6838 4973 9723 5915 4821 
30 820 1942 9756 1100 9382 4175 971 7393 6944 8477 3379 1825 5768 3094 4160 210 2125 1828 8321 9749 9125 433 1529 1900 856 6136 9586 7926 5991 5255 
29 2870 4801 846 89 3373 4655 9856 5446 5556 4938 2320 7776 4284 4132 6406 9299 6841 9683 2488 8671 3566 5283 9479 2987 6534 6533 1288 4502 8753 
29 701 5837 7787 2604 850 2186 2236 6710 3625 87 313 1708 8347 6025 1406 4637 611 9387 5422 1471 5111 5888 3309 3498 9074 1266 390 9866 4875 
28 9106 1752 68 2399 4249 7144 5224 513 8256 5568 3277 8106 6728 8066 3175 2185 7626 2792 7964 8767 5858 9086 4036 6335 4367 5559 1875 8114 
27 3709 7639 1067 8829 4144 6016 5857 7369 3777 7462 4665 6862 2276 7884 8109 6365 3837 7143 9901 3749 9649 6858 4320 9579 8574 7165 647 
27 45 7427 5944 2813 8949 5400 605 7087 3326 2470 290 2725 8755 683 178 6624 7499 9077 4812 8817 2081 1162 6619 2533 5809 3758 4037 
30 6507 804 5532 4169 2396 9263 6746 1238 6744 1121 5382 6318 2610 2900 6915 1771 9609 7378 6302 1231 4359 3900 3750 9602 8648 4584 4412 6755 6680 8799 
30 3123 5595 8356 6284 1264 7488 5916 3558 425 8206 5175 67 6993 9367 8796 1122 2432 588 3031 7325 8091 2317 11 1869 8058 621 9080 7852 966 7559 
27 9168 4922 1805 1756 294 1138 5218 5878 2552 8677 7873 916 8886 9326 7795 8843 2173 7262 8825 1814 1501 5225 3946 9710 1071 3826 6246 
30 3766 3704 4390 6482 2479 4165 740 6244 1485 5502 8655 1526 9871 7247 9672 9707 9122 7912 3596 6939 3638 4159 2605 8508 5316 4150 5173 205 282 6121 
29 1813 1846 5476 1499 684 132 1784 2289 7671 6188 1228 8734 3124 2404 9996 3400 4482 7141 6788 1561 9206 4403 7128 5946 6356 3451 120 9410 7887 
28 3491 8394 8017 460 5258 397 1542 3830 5159 1242 3228 9952 3356 430 2683 6998 4496 8847 6476 1823 1844 6070 3002 9881 9713 7478 6371 8964 
29 6570 8653 1779 9806 9907 3881 5228 7541 8914 2843 1011 3035 5289 2818 9455 8621 5479 5567 9567 1480 9005 2277 5933 6801 5571 7923 8195 1533 9982 
28 5835 1833 5503 747 6275 9980 5052 6409 1620 3774 9917 39 5890 6182 8378 3344 2245 8626 46 6372 1528 6679 6602 9032 7413 9474 4881 2681 
30 4065 1512 9202 1700 931 1913 6658 8873 926 2538 8391 4375 6368 6829 7344 3692 3961 2740 9998 2602 348 5745 8354 2089 3447 3727 5711 7938 2957 419 
28 3511 8128 49 8327 8615 6985 6703 1368 356 833 7531 8035 9448 4120 3287 955 507 2625 8703 5788 1455 6771 3352 2264 6901 3074 7608 5638 
26 8598 1660 7395 598 5181 1283 5637 5911 1248 1215 7429 198 2970 7888 8133 4202 3372 2023 727 3861 7998 1812 5747 8928 6952 7577 
29 4467 3233 9117 417 1926 9139 9097 9504 3170 7202 1693 203 3553 567 7860 1452 6904 2108 7273 8563 5602 4932 217 18 9766 5805 1022 9645 9914 
28 4764 2496 2649 5696 5680 7381 8756 7915 1657 5146 2243 4374 3131 3685 4862 8942 9513 1781 6058 9846 8397 315 1086 5515 8782 2487 6810 4184 
28 8858 482 6879 3260 4777 1016 9540 117 2542 7812 8628 7939 1320 6174 8148 5982 7500 2333 9085 488 3862 2160 1337 4381 5526 7470 9860 5193 
29 3636 8579 2442 8625 8261 3536 5990 9121 4734 1895 6097 7409 9979 9179 8446 6544 7199 4434 650 5468 6568 317 2566 4999 8810 5215 5432 9782 4644 
28 102 7382 8927 8120 2578 8549 5499 8454 2266 9451 8593 8131 3606 8844 259 4943 2015 6146 5252 8984 6949 5203 8014 25 6833 2737 1739 9556 
31 9413 9814 551 3987 2145 8162 6868 1198 7296 5748 9339 1218 2100 4582 1262 7258 3180 2256 2445 6965 1619 4863 1077 9259 898 3752 8533 497 3030 265 3399 
33 7653 2830 4989 810 5669 4710 4286 3722 6341 3040 1411 6331 2558 3315 2825 2877 7663 2617 2372 1977 1224 5655 549 2831 723 4012 8535 4615 453 6266 3957 4418 9604 
26 7995 8406 5206 3350 6000 3332 4828 1167 6277 83 5998 6612 5427 4633 9325 6376 17 7373 5494 7391 9193 88 2422 4762 6157 2155 
28 4768 2517 1468 34 4917 5082 4183 662 6473 7268 4223 8899 2589 3646 6611 4149 226 9922 2827 797 712 4319 6077 4688 9023 451 7805 6301 
30 1579 5383 3899 3914 1465 1969 1865 5223 7045 7816 8976 9216 7549 376 7859 369 4800 2806 4133 5267 2455 3087 3577 3426 4531 1798 448 824 5836 3767 
31 681 3902 9826 9251 5566 1448 6485 7605 6615 6160 2931 7423 3454 9158 2967 99 2658 1156 5246 4826 176 1090 786 8531 6241 3163 9065 2537 2959 2431 5987 
28 5777 4236 6959 9408 6912 2710 80 841 4900 2373 359 4985 8814 9552 2287 3650 3359 248 8839 9026 5328 8772 1374 8043 6377 788 3188 7649 
27 9014 7539 288 7528 610 9456 4134 1839 4520 2760 6813 6581 6941 844 9344 3512 6877 842 9083 3017 8069 8456 3084 1281 5276 5029 900 
26 1574 4494 1339 3385 4415 3122 5368 7347 8518 431 2260 5442 3303 1458 982 2292 2321 9730 2898 6071 9176 8770 4820 8640 655 849 
28 7674 8440 7042 5128 3671 3537 9407 5303 2728 974 1899 6674 6115 1091 8329 8129 4555 4305 5616 4154 3626 1500 9886 7542 5734 1697 2587 2107 
29 78 626 1924 2140 6313 1740 8968 1306 6567 8258 5647 7282 7404 6684 2981 6545 3567 4103 5038 6691 1432 5824 186 3351 1958 852 8187 3285 6906 
28 4891 957 4170 7922 1558 9258 899 4116 4017 7709 546 8832 7990 7712 3028 3401 733 4094 7943 2696 1569 6047 2588 3713 3909 6798 6542 7936 
29 1826 4671 2554 8464 5896 8634 3486 3192 8486 7415 7284 3982 2390 7588 7725 2034 2200 7848 2598 3052 1534 8344 823 5677 3940 5849 2969 5562 470 
26 9189 9727 4765 5881 8204 6481 9909 2745 2541 550 2055 9862 5869 6457 1461 2872 8614 8313 3089 8809 8126 5232 581 5650 6442 8816 
30 8424 94 9584 6871 3295 4629 6292 8050 7489 8154 1610 7784 6531 1402 9280 8864 5947 758 4525 6249 5139 9519 6089 9061 8811 2626 5231 3697 5717 8395 
29 4466 4260 3128 6493 60 4718 8006 5157 5760 8783 8877 1557 2548 6178 7612 7130 7053 9119 8425 7510 7366 1755 2579 6579 8192 3943 7223 7903 7540 
30 3387 3720 330 1036 6030 5999 2992 745 7561 437 7670 9812 1444 2262 4074 895 2060 6111 1225 7476 7582 5979 6194 7659 3706 6201 8164 2616 3769 5208 
28 9601 1824 7235 2777 8438 9974 2106 3871 9084 7374 8760 8943 9218 3981 5220 3437 7700 6905 2128 6789 3792 8361 9603 7486 2927 6305 5002 6216 
27 8946 1573 5324 1205 1152 9761 2391 5396 4799 4864 1256 2040 8231 3065 3063 7172 7081 7231 6827 1296 458 8065 6139 7647 891 3645 5470 
27 586 7179 4507 5298 5066 5525 4313 6215 468 2909 9087 3416 3730 3054 7171 407 3253 4595 3077 6067 5221 5091 4798 6052 2467 1367 6632 
29 1717 8453 7720 2855 4239 3844 3283 2138 1342 9044 5100 5592 4689 1144 4161 9595 1050 4706 5778 8656 329 765 5932 8985 2328 516 4461 8307 2423 
29 9888 2351 8080 5112 3367 4983 9989 435 2477 8123 6069 4657 9809 3926 6253 7586 7556 5642 6400 3222 4301 1478 7562 8243 7551 9900 7319 4339 1793 
29 1048 8504 498 9039 2747 8726 6057 8389 5975 4684 1168 8931 1650 3974 2845 8688 5199 3594 9896 7550 6880 2438 3977 6 2214 9347 5257 1791 6014 
26 3155 5336 1066 7650 706 8569 4315 6162 3784 8215 2643 5974 5839 7088 8713 5487 2702 7398 7749 3864 880 5158 8736 7677 2925 1298 
30 3831 7132 1893 8969 9286 5658 4933 6727 2334 4117 1219 5429 3286 3310 6429 6996 5114 2951 5174 536 370 2871 6122 9210 8922 5359 2170 5543 7194 819 
29 2584 4804 436 416 429 9175 5423 5714 7988 7338 3234 5514 5501 3563 9618 2657 5732 9312 9999 6443 2192 2073 6852 8838 5764 7518 9748 869 7502 
30 7138 929 5149 1014 5483 3177 8266 5435 4809 720 3176 7503 1206 5441 8345 5379 8223 3213 7999 6336 6469 8340 3053 5785 9977 3459 7746 6074 4897 1651 
28 6603 4757 9884 8074 4001 1750 6369 6186 3388 6210 1069 4379 1483 3944 278 6530 505 1741 1201 3787 5753 5180 37 8100 3328 3218 518 8909 
27 8220 9038 2890 4937 8540 2036 2057 4487 4247 7190 2474 4906 9458 522 4883 2224 4893 905 8496 1945 8719 5776 754 8554 3959 4058 3870 
30 1577 1247 8481 6459 7845 5126 1917 9338 3212 2078 9412 5803 9464 1170 4332 9047 3068 6853 2449 2880 4816 1646 5140 113 9034 77 5548 9573 2936 1445 
27 9159 6227 8543 6970 2965 8937 2782 7278 4174 4032 2520 2944 2615 1535 9525 3728 3337 7971 3223 520 6593 3141 9208 4224 6320 6133 4576 
26 1641 6578 6250 5910 2339 3091 7227 4889 3398 5329 4147 3778 922 4213 5026 2975 490 6777 2366 9369 1311 3493 5870 4793 6663 3595 
30 9191 3145 994 3772 1822 5940 4104 3205 1932 4079 5856 4460 9089 6378 7509 3801 1416 8200 8758 4609 2402 9269 346 9536 2197 6408 5907 4237 8768 5453 
29 2209 7606 3051 4279 9520 6125 43 2853 5168 3487 2097 7039 5282 5073 245 5648 1013 2700 2272 5164 7497 8411 2336 5337 4138 7156 7008 5042 6164 
28 7782 5388 3460 7335 4607 5797 6007 9939 4831 1082 8260 642 4179 6337 7035 6968 5484 4648 1684 8098 579 8163 6501 3045 749 7246 8583 3375 
28 207 3247 7011 3259 4784 3242 996 9853 1020 8358 881 798 8435 6026 5842 2484 9709 7963 2172 988 9680 8363 6818 2779 8272 6947 6647 6090 
28 602 2795 665 6936 2395 3346 5170 5862 1083 3330 1723 8145 3923 1892 4177 1832 3004 5060 463 5421 728 7600 7601 8241 2105 3970 2386 8392 
27 7324 687 8778 4186 4408 1689 4524 7483 7765 5350 8437 3241 2817 917 8996 5419 3621 5194 6913 142 6560 889 8516 4518 4586 8479 519 
28 3353 7794 4766 4803 7151 9590 5682 5010 9990 5838 5749 9575 1436 4601 3983 4146 8401 2087 4742 9171 6118 770 5381 5521 730 9164 1150 3808 
26 526 4805 1531 4909 1080 158 466 3429 6740 472 9771 9664 5200 143 9935 2757 8210 6039 4886 9663 2934 607 5996 8409 2915 8932 
26 5046 2202 5908 3598 9836 6005 1612 1160 5439 9870 4579 4401 6449 2017 9008 7102 7159 398 3263 1357 8635 1718 5864 5586 5513 7368 
25 4071 7487 1407 9397 3755 590 3619 4589 2280 9704 3121 9414 8675 9252 7836 5331 1806 7959 1324 3526 3994 7342 6932 5216 2582 
28 4078 7229 9166 479 2239 167 6128 190 2707 8794 560 7377 2720 6951 8807 6692 1496 9734 9776 4763 776 5264 296 3478 4961 7804 5897 75 
29 6669 8432 6416 3268 6113 5726 5166 5596 689 4095 3280 3407 8591 3390 4128 5095 8276 6050 3880 5061 7814 6903 50 5629 8979 491 3305 5227 969 
29 9180 9960 4878 5917 9224 8530 9096 1996 9648 194 5407 886 997 6646 9334 8550 9400 6079 5098 8304 4405 5623 1982 3688 7094 2834 8317 1946 9154 
29 6950 3832 9037 1037 3410 678 9147 5079 9362 4229 5530 3603 7560 3812 3942 1070 8175 2111 1240 3718 3397 8998 1328 5819 9805 2385 1916 7422 1363 
27 1999 2996 7569 2459 7116 8526 174 6163 1118 9842 8815 4430 2682 8254 3662 1906 8082 2344 5641 3658 137 1841 651 2706 2119 8240 1177 
29 654 3496 9747 5247 5826 215 4307 4478 4758 5704 4140 6773 3798 680 1142 1819 6802 2910 3569 7940 5656 5814 9608 5101 3588 4995 9904 8548 4871 
30 1753 6062 1491 8118 2640 7625 5318 8494 3299 7755 8025 5304 9750 3464 914 6362 3409 1073 2271 763 9234 6391 4613 2072 9020 5549 8893 2380 341 4539 
30 2038 6956 4701 7979 8906 5251 5201 8001 1759 1676 1104 6672 7958 799 6836 5752 5409 999 3231 7208 3732 6529 3874 8252 8818 6832 5937 3840 5779 1864 
28 6423 7175 8870 5632 5333 7992 2677 4137 4185 9499 3545 9029 8337 7809 1094 6540 2593 4596 9345 19 4253 7092 5085 4490 4811 9615 3872 8351 
29 8346 8205 5564 1590 4455 9462 2868 3934 9798 7815 7334 5661 2577 4578 7493 9668 2290 4070 3248 6193 668 9305 7897 2046 2718 4735 6722 2561 7207 
30 152 3632 9913 5815 9076 8697 4278 4377 6547 3086 7336 8505 3134 412 965 4280 9011 7889 4261 6087 3282 7057 3673 2437 1995 7730 9778 9293 8092 7775 
28 9282 3628 6819 5855 721 4323 8478 9149 4792 4774 4456 8938 2500 4598 3920 3939 7733 5236 1286 8161 944 7140 9335 5582 8559 2444 2804 2388 
27 4141 596 5528 2169 9123 3716 2359 6099 1299 2039 6268 7209 6460 600 7919 920 5594 1763 8921 1101 8059 8888 1061 3614 5633 8891 7533 
29 660 5097 8740 40 1422 6681 7842 5323 6274 3130 3262 8189 1796 9261 4851 3672 3814 7217 7003 774 5563 1355 6158 9569 1930 5985 6673 9100 6088 
32 8141 4473 4796 5886 8745 9268 5 6866 5302 5510 5687 70 2122 1319 8826 7112 6846 7564 5447 985 8016 3976 7226 2240 9691 1443 9978 2862 4384 5372 9544 3107 
28 3016 7313 3765 4068 6961 7416 8884 147 134 3882 3683 9973 3986 4914 8538 7623 4312 1571 6466 100 3029 5715 464 4411 3274 2807 6587 8636 
28 4119 7205 1285 6092 1776 2221 690 2613 2947 2629 872 4428 1352 7831 5565 9140 8155 2684 7573 6987 6108 9101 6797 8935 4600 7965 5681 4659 
29 1386 2583 4238 5377 8950 404 2873 8970 2331 2281 6847 1724 5405 7989 6176 9060 8990 8667 7292 3261 5431 1992 7137 8157 6751 8567 882 7861 4605 
31 1572 3209 8125 8586 2350 3557 8954 4795 5850 1730 6084 1226 2382 6665 539 4471 274 633 1351 1941 992 8705 4198 1362 7933 5728 7154 1975 3168 9152 3554 
29 5057 8152 7529 1862 7890 2746 163 5925 2738 8469 5603 7188 237 6484 2010 4845 64 2521 5636 9000 7565 1274 614 2285 859 5398 5970 6390 2678 
29 175 1831 7031 7458 5612 4018 6618 3644 9324 7038 5297 38 5694 9250 6345 9355 4955 4493 9266 97 5722 9605 1857 8606 9934 4947 6633 764 7049 
26 7609 9200 8733 5117 3733 5619 2021 204 3336 6648 1128 5808 6175 9197 9295 7189 705 5047 3624 2529 4270 1378 1361 3024 7153 3116 
28 3423 7186 2000 8130 5436 2346 4394 5176 2071 2891 8455 4425 6757 6837 9507 1161 5131 148 6458 8863 5025 3224 894 1474 6303 1991 1315 1289 
31 719 7545 2330 9685 3950 1267 5949 6049 4015 2950 8441 4527 991 2116 9365 7948 1052 8051 183 8461 2270 5605 9137 1388 6636 7666 7517 6012 6161 9403 7460 
31 9435 4397 3656 667 8471 7286 8564 7840 252 2919 5119 4728 7059 5108 7346 4414 9560 9596 2307 6054 7780 4234 1153 8647 4705 7332 4291 8953 1607 4235 6413 
29 138 8983 9470 6117 6102 3275 704 185 8251 2788 9093 161 8552 1459 2413 4351 7126 3535 1910 3549 8524 7302 2503 7360 9878 7738 587 7839 2661 
29 8551 9887 9460 5965 817 3744 6255 1093 4566 4545 110 5192 3631 9311 5135 7853 2226 4406 8643 9944 4491 1475 1586 4468 4746 9001 3345 9697 7688 
29 327 5552 8472 8971 7060 6073 2519 703 6446 4444 6795 3742 9127 1214 5691 3828 623 7750 325 8947 8048 269 5019 7376 9277 7617 4680 8298 5988 
29 7937 2550 6765 3264 779 1293 6267 8506 7078 5121 1861 644 7949 5664 2704 2237 3250 2564 2113 3539 5697 9834 4569 932 9124 2505 2881 6269 6017 
27 9111 3076 5934 1614 873 4887 7538 5163 7597 4489 2052 6948 3806 8560 4109 2695 6628 6739 3245 6349 4968 2597 4681 5536 7817 6264 7492 
29 7584 5325 6729 108 4046 8277 9229 6389 8036 8627 7876 1166 4667 9792 5504 3684 3605 5248 7181 9597 7685 890 3990 9063 4733 2721 5685 5789 7555 
30 3875 1492 6265 9522 4151 7769 232 9223 7768 8005 9308 9056 4882 2998 6508 1145 9421 5076 1341 2420 807 1332 7736 3712 1716 7544 7726 936 2157 7414 
29 5262 5973 8503 6150 3623 3318 9665 3203 383 4306 2513 4168 3020 1261 7276 2527 3418 5464 7732 9009 7530 6455 7197 3559 3239 1263 4674 2879 5738 
26 9988 4632 2 8234 171 5706 6395 9954 7664 5311 4515 3879 4226 1887 6315 5463 8086 6605 622 5765 8112 6222 4840 1801 8443 2659 
28 7148 4303 7380 3932 4697 1674 3651 5406 135 1419 4127 5018 3368 32 2032 6075 3971 6124 646 5034 7446 7182 783 2405 4666 7968 3474 4594 
28 9155 6785 6699 9817 593 7203 1898 7317 5343 7135 972 6999 9651 2675 9763 7069 2727 5816 2259 5923 1234 2377 7139 6293 1981 8731 2985 5561 
29 4616 6425 7358 8547 9790 1165 7513 3984 9314 4334 7345 9300 7290 1358 5695 2753 9469 6946 6417 4686 6468 1072 6694 8045 8749 9045 3161 1503 6441 
28 7426 2146 5008 736 3524 2049 7406 8577 6559 2689 4040 2943 6454 9739 8015 1137 1606 2663 3737 260 5414 3739 2905 6887 7521 6823 1851 9941 
27 3256 6154 8781 2506 2633 15 5125 484 3158 4241 7352 1988 3246 5265 1392 2315 1495 5150 8303 3915 2347 8962 1714 6660 2716 119 7774 
28 42 8590 928 1863 7482 908 5188 3556 3724 734 4130 911 924 580 3674 3576 9070 9875 6383 3230 8079 316 7618 1333 9765 7123 4635 4347 
29 187 5233 1768 6003 1053 3266 7327 2908 3195 8728 7037 9332 8659 858 2428 751 7013 1511 2231 5340 72 9142 3358 9657 2115 5813 321 9349 9837 
29 295 1539 328 5537 7084 3680 5901 5433 106 7105 7243 1908 5834 6471 1636 1736 1858 9156 7041 5094 5143 2875 3910 1594 6654 2516 8539 4097 582 
29 306 9360 4754 2693 2304 1210 2218 7691 243 5403 5533 1244 4090 9177 8732 2798 5810 8259 3916 5626 2356 1331 8690 8779 7791 8416 371 7718 722 
28 333 2823 3856 4214 6407 3036 35 4621 5253 5183 8013 7802 3955 403 3893 4448 5270 8497 5989 8054 4142 8101 4176 692 573 6881 3038 411 
27 389 8502 1364 3640 3172 3702 5867 2762 141 4055 4201 258 2121 5761 9091 4488 5790 8519 912 2592 6525 160 2796 6490 5092 4540 5273 
29 493 9445 7793 9646 2293 7519 1430 8865 9395 2064 2009 6893 1742 5817 9796 6698 4033 6649 9530 495 6297 6825 6926 2991 7604 427 2999 4956 5823 
28 691 4581 528 6756 5705 8834 4273 6750 2595 3743 6954 428 4918 7265 6629 7155 7813 8444 8795 2222 284 8716 1997 2962 638 7435 5551 8194 
31 835 3581 6214 2557 5461 1241 4788 7464 5177 4575 9178 7614 7000 9007 4423 9256 1068 4549 7932 1502 1291 7826 4211 5995 9004 2926 1762 9422 5845 9330 5666 
31 1111 7760 9447 5653 7384 4622 220 9599 2499 5434 8309 6033 4028 6456 8482 9207 6426 3470 5013 744 8198 4513 7547 5089 897 5575 6339 7396 378 2814 9827 
29 1134 3210 5475 6463 9966 2212 7637 1770 8460 3304 5474 5064 2148 5306 7146 1054 6977 2181 1720 7762 1757 2816 4075 8902 3527 9705 2345 5591 2719 
29 1179 2652 3991 61 7323 9937 1300 5506 9851 8040 7536 300 4992 5122 4317 7307 9630 2379 524 1729 2486 8202 2434 4646 9698 3816 3956 6546 9577 
27 1408 2086 5966 2195 8418 2838 4692 7046 3637 9529 2857 8352 3003 3463 2631 2425 9528 8107 3394 1902 5243 9198 6907 2819 3092 4268 6625 
27 1434 9211 2335 9304 6410 9549 3272 8741 261 8122 7009 2092 6272 3152 9794 7994 5123 3255 9226 7254 1687 349 1108 181 940 7631 6865 
29 1666 4662 2954 5516 979 9467 1735 685 7455 2735 6927 5395 4081 5820 9931 815 9040 4645 9174 2112 1356 9225 8433 8527 3859 6041 1550 6955 7917 
28 1711 3505 1746 7219 7109 7177 208 630 8828 8638 1074 1754 5332 3034 8926 6565 8196 2754 6589 1065 2002 9108 857 5936 2904 4422 9995 2497 
30 1785 5147 3533 6890 3659 4050 7980 4730 9477 6538 6296 1837 8808 7830 109 9381 2508 1047 3293 6120 9783 7051 4536 5358 732 399 2523 9767 2456 5320 
30 1808 3179 7475 3476 8936 6242 489 3079 6212 7111 8483 7257 353 7056 8094 2171 1598 2043 7353 9162 1164 3843 2159 9631 5686 6916 5430 1540 2901 7272 
29 1959 1377 8143 170 1890 4587 2298 8673 8812 1304 7610 8222 5854 831 6220 4970 1654 7040 591 7716 2461 7895 2282 4927 6503 9987 1473 7315 4188 
29 2098 7855 7439 3324 3953 9708 851 2247 9554 9153 332 8284 7941 909 4829 693 6282 8707 5415 967 8301 7274 6101 5039 6761 9099 1369 3580 8670 
30 2139 2698 8177 1140 2037 2752 785 8594 6437 3905 4289 8511 7906 4869 7459 9501 7692 5737 6884 8116 7314 5288 7170 2102 1447 4108 5275 1655 5365 7417 
28 2150 750 7115 3044 7543 5020 5744 6859 7356 987 3362 9654 5290 1147 8436 1830 5378 5187 1450 4439 6095 4173 6661 5294 2749 5667 561 2217 
30 2223 8724 6671 336 8841 8237 6554 456 9583 3802 6472 9526 4316 2019 6892 270 2387 8757 3473 9239 4206 9298 6733 459 5342 2627 4380 6404 5284 6479 
29 2234 4830 5952 191 6234 5713 1282 1222 5772 4264 5322 1622 5701 71 4218 7924 7514 180 7333 9396 3969 7085 9377 8685 1396 4872 5374 4767 3708 
29 2368 8948 5136 3921 434 3186 3917 6994 8349 4521 8493 1683 8008 7596 6082 231 669 4623 9717 801 2650 8212 5172 6899 3098 8068 3962 2786 1627 
31 2440 2847 7173 9559 3845 8421 3949 4358 9059 409 8944 199 6693 55 3269 2540 7212 6807 8480 500 1733 658 4102 3221 3947 7228 8522 806 501 3062 2406 
27 2446 1387 8710 7636 9073 357 3049 964 36 3785 1986 5292 2686 2882 9564 3043 1702 179 935 9684 5992 8169 9082 6783 9438 4965 2367 
30 2586 2381 7574 271 5349 4126 795 7375 674 3185 6584 5059 7108 9628 6735 8761 96 5539 2299 1190 3761 162 3676 7512 2294 6251 5950 7801 3422 6202 
30 2600 8669 3258 1051 627 2279 2673 9975 3780 7745 1423 4921 8144 9228 7025 6433 6653 2945 481 6957 6934 2764 5649 4039 2104 2510 396 8374 1665 2084 
30 2603 3363 9248 6857 2384 7579 4084 221 7028 8645 4931 7291 4818 4266 1490 7962 3753 1469 9262 9626 1748 3964 6259 8408 8160 9221 6784 8060 5178 9799 
29 2635 4760 5467 6294 2469 7790 2439 5424 8000 1193 7743 3925 8294 3314 7682 6450 4424 3499 3109 1624 5625 1703 7892 3838 1576 7858 3148 4962 2791 
28 2734 9340 6980 9075 8624 8584 2375 2531 3544 7651 4533 5281 6010 7298 6072 3129 3960 8495 6020 151 4620 7252 6631 3015 8376 6435 3529 6051 
30 2758 3756 612 4503 1275 5151 1236 2644 107 2846 6385 4178 2808 5852 6143 57 7763 5541 5389 7479 4668 5363 3165 8706 3510 3938 172 637 6038 233 
27 2772 6488 9131 9052 2815 1923 8410 8423 111 594 4019 6213 1829 5716 5652 5590 7365 1523 7070 562 6290 1669 1181 6358 3931 4791 5392 
28 2820 4980 9568 7481 2535 8072 2295 9238 5639 2937 9442 9035 5124 1303 8007 2739 9196 2462 7881 1625 913 5902 2025 7644 2203 5787 7764 2296 
30 2822 1472 7918 2836 9933 7442 5086 9302 2774 739 2646 8153 9821 5905 1744 8489 4112 2419 1780 631 4464 921 1989 2612 7074 1682 7810 9113 4512 9354 
31 2849 5703 1896 4318 3306 2914 6379 956 5376 3100 6675 413 9012 4565 2606 7104 7491 2324 8999 3113 8186 4837 5929 7454 9503 8955 192 5926 8771 7655 2436 
32 2854 7256 6347 5529 9128 7367 7249 8293 4597 9936 8876 1680 3298 7237 339 6156 4373 1876 7803 3193 2319 268 3788 1008 3200 1318 4366 6709 3601 7729 2668 7456 
28 2863 553 5472 540 2906 4005 393 9753 5401 6606 5420 3174 7308 1721 1662 3137 2130 583 759 9088 3793 3070 8940 1209 2448 2143 2809 7234 
29 2921 7006 4773 3698 8193 589 3804 6902 8517 9658 4888 4544 9187 7532 5346 3886 6353 2929 2662 748 3307 2162 1874 262 9863 556 6217 6656 9478 
27 2922 6330 5967 6168 3907 4309 9235 2435 3654 4647 6590 1920 8509 5230 6462 8975 4310 4860 272 3093 7113 3578 6076 8081 1079 6598 9346 
29 3039 601 5241 4808 5895 6869 2167 9055 1258 7680 5142 9482 9466 6721 5152 1866 1927 9471 4787 4853 5469 5607 8951 5016 3014 5729 9650 1235 3232 
30 3042 9443 3878 5898 9735 1260 4030 2918 9380 7142 4263 6364 3402 8558 7740 1146 3495 4240 4557 4868 9911 9105 8275 9945 8510 2257 4026 3083 4345 3386 
29 3060 9213 5334 4327 2353 2701 1076 7598 2322 2601 7450 7275 7432 2465 8842 5191 7124 7546 9624 8271 6035 7945 4810 7967 3800 4479 3138 1350 7021 
27 3117 1030 3630 1772 3 443 941 7960 4630 3508 7195 527 6809 643 6048 7676 241 5572 6558 8064 9550 10 4593 7705 8658 8402 3071 
27 3153 1062 6231 9129 7603 5058 7896 1836 1370 3850 8623 2020 3415 1249 2225 112 6962 4389 761 5893 8430 6548 2694 2885 240 8744 7471 
31 3160 9740 8026 3746 8765 9825 8285 2536 6562 9854 9260 8213 7645 4835 8185 6399 7012 8373 6104 2229 7684 3690 2361 6243 8075 8084 3649 4274 7934 4063 4171 
29 3183 2563 7946 5185 3612 6995 2024 8746 1998 9186 4110 1643 1002 8801 7001 8341 2283 4438 2886 4399 6132 4073 7665 5981 818 5569 6028 4556 3436 
31 3190 1466 3492 9591 3149 7985 571 8178 9892 8541 4272 9368 8350 394 1188 3477 4756 2341 884 9480 6270 3564 7250 4912 7480 5560 717 8776 3719 3403 4678 
26 3249 6543 910 7969 3620 5783 1344 793 9818 9815 3817 865 2576 5786 6607 5631 3142 3999 9265 1202 9433 6499 8695 5678 7593 7063 
30 3425 5673 7494 4996 5310 462 6520 4302 365 420 2511 5597 9110 5770 709 3759 7882 3370 8867 6494 8367 1084 1343 5449 2284 7583 2311 5280 8265 4361 
29 3448 4469 6687 3383 7516 2767 5360 320 4672 7993 2061 2068 1292 855 6716 5104 3343 1848 3885 6527 4649 7669 9013 9905 2261 9912 5618 3913 4331 
31 3516 2864 6888 3679 3735 1855 9915 8320 6817 2562 9274 7472 7706 2705 5451 2893 5519 2821 8702 7285 4441 4554 8467 4210 4038 105 2703 7261 6626 5410 8694 
28 3592 8183 5865 9592 6283 7721 9356 4387 7869 1980 2928 2124 5118 9844 9923 4902 8028 5272 6863 5087 959 5518 3066 9962 2828 3349 6142 2518 
24 3660 3198 2332 4769 8282 5520 7607 2591 1420 8993 8330 9051 6388 4780 2362 2543 6477 6909 3848 2248 7107 2273 8268 5065 
30 3883 8184 7984 6402 9702 2358 3667 3858 9415 2892 9363 4047 5000 9490 3700 6742 938 2692 1640 9611 1394 1984 6109 8127 2454 2095 2329 5712 7841 2630 
29 4114 377 314 3333 961 2147 7361 6286 5496 6711 8859 2923 9068 9217 2006 9409 595 483 5891 3617 5339 9496 5234 1685 3930 3796 5859 4254 2994 
30 4115 9662 8492 7929 1964 2401 4093 8365 1541 6550 2175 4652 6705 2370 7157 918 2369 9616 1613 5003 4475 9294 9102 29 4265 9557 7386 8918 7294 7756 
29 4172 9688 3972 8052 5968 2775 7061 4642 8687 6690 2522 8857 2316 2632 4276 4934 4509 4085 1903 9432 3189 8342 312 4959 8994 6637 3008 7747 2451 
30 4506 3860 4060 5938 3278 6211 9955 6205 1064 8238 3364 2647 5830 2463 2903 8348 5978 7622 5614 9928 5179 6126 506 9903 3208 2093 7856 3279 3555 6422 
25 4904 7297 3579 3866 2352 8281 7751 8641 7304 4293 3839 7242 8762 4727 3204 4847 5750 8580 4308 298 2778 3988 6184 5953 1154 
29 4967 688 446 1835 3291 6753 9803 2450 200 4363 3546 6997 8956 8038 5006 1488 7236 6343 7447 657 1605 4242 5300 9291 8803 4981 9383 845 9932 
29 5260 3452 4807 2715 3811 6421 8381 3587 22 4785 715 8907 6719 664 1664 2206 4059 7210 5931 3738 7198 8359 4209 808 2618 8981 8228 6564 7341 
28 5266 4661 405 2005 5171 8575 3300 5739 5935 3835 9857 7007 8020 2560 4139 4750 6009 1845 1850 7786 6805 963 6782 3661 2571 287 5877 4789 
28 5371 3782 9506 5534 9752 7176 2622 8572 8076 7629 1096 9090 310 1280 4288 3525 3047 5001 5186 6394 1026 8923 9514 737 1428 8037 8631 8385 
30 5454 8057 9498 9236 4219 8751 8966 3783 1151 9725 4325 9634 753 9092 8426 6228 8355 9264 2411 3056 976 3475 7444 4484 9661 3157 9030 8270 1653 6065 
29 5455 8299 3693 8566 273 1220 6322 3114 3420 3715 51 5440 8335 6187 9002 998 9323 7585 9920 1273 2958 139 3613 7754 9582 4532 5960 6561 8618 
29 5588 724 9243 1113 1675 5005 5051 2920 2313 8398 1692 4732 2389 4546 9902 7587 9598 4570 5672 9518 7646 410 293 7101 1347 9143 5918 8151 4690 
29 5604 5801 4259 9732 7867 3610 6779 3151 3803 9006 2083 2030 2948 6018 1467 7114 6743 6106 1 2118 2208 3140 4772 4651 1978 7807 7214 3366 9163 
30 5634 9692 2069 4217 9150 7773 5022 6295 1810 4158 9690 3506 5488 1952 1507 2251 8529 354 9779 4987 7160 4528 5710 2374 9181 9633 8165 5774 5930 2980 
29 5679 2198 7402 3201 3150 7667 930 93 74 7330 532 7928 9249 2354 8650 5443 2219 8319 8119 5708 4711 4558 1372 3135 2990 2514 7002 6974 1648 
28 5831 8372 8366 6664 6983 3455 408 9394 4145 7024 718 7771 6585 1962 5093 9712 4328 461 7225 9801 3933 9486 6911 121 8077 8743 1399 2494 
29 5876 7735 9417 450 7982 2048 309 4096 9898 8004 790 1000 8821 345 4925 1726 6432 7218 1213 6736 4731 6196 9652 828 2964 7970 3421 6240 7364 
28 5954 9696 286 3575 2736 4715 7383 8991 9546 3821 4388 3313 8191 8752 5962 9716 5531 302 2988 6571 725 5190 441 4337 6972 467 5418 6588 
30 5959 7901 3503 1192 2042 6790 8766 4858 5784 8848 8700 9376 1647 1747 4749 5606 7238 981 9209 9981 5799 1379 9341 8382 6917 6053 9576 5285 1184 1397 
31 6056 8039 457 4870 3126 8701 7408 3001 2687 1028 6329 5366 7767 6098 2014 2666 4148 5730 4610 8587 4653 4778 3115 1953 9301 8823 5459 3779 3522 6235 537 
28 6096 3075 4166 702 6925 1631 784 7526 5084 1792 1688 8159 7877 6024 2546 9830 5573 7495 9746 9938 9722 7987 1375 7463 8305 9094 4708 2504 
29 6130 8896 2524 9416 2555 1681 2468 9272 4341 6824 4124 9689 4873 2314 5450 6502 9283 8139 762 2022 7507 364 7687 5599 7713 8660 9505 7697 7187 
30 6198 2414 8657 5345 1250 2912 236 1245 2797 8274 8150 5904 4021 1371 710 4723 6100 2187 9103 3329 7083 2787 9313 1110 695 7524 8846 5054 2016 2894 
32 6261 8090 766 6635 2570 5574 7086 1004 5457 2917 4432 525 5413 1889 4696 1870 866 6448 9292 2364 1033 6759 6555 4675 7169 3483 2896 6717 5593 5375 9873 4964 
30 6340 2163 1424 5031 1049 5313 9494 4089 1609 6860 2867 54 5428 5840 4813 700 6924 1632 5773 8379 2515 6514 4563 6281 1454 2275 8484 3468 3080 9600 
30 6440 1141 5130 2365 5675 7707 2664 9537 6036 4724 5235 1872 8245 5249 7620 5994 4277 8031 4051 4035 2131 2490 6131 7862 1506 1277 1287 3906 1136 7908 
29 6599 8404 552 3322 3764 9963 8176 679 5053 7097 4064 5169 8605 6129 5581 318 8242 4946 2029 8997 6333 6645 6467 1031 4721 7281 4517 6513 2528 
29 6613 9157 8073 6363 3707 4817 4514 5138 7927 789 4163 3670 1524 9303 213 2949 1673 4704 5733 5853 2641 8357 6848 1479 1947 9064 9971 3857 5033 
29 6781 1599 5492 9930 5263 4227 7022 9585 4452 5757 5355 3166 8878 5347 2977 1905 5775 4106 6938 7956 7548 8209 1966 3424 7119 6360 8501 2781 9558 
29 6812 8961 4944 896 421 7957 8924 1904 9781 7401 9976 7935 7370 6601 305 1114 3799 3184 8300 672 1949 7818 6355 4790 197 4936 7553 1484 7820 
29 6885 3827 5984 6475 8273 1604 1487 8897 794 5570 4736 3144 6820 7824 9309 3377 9673 2697 9487 8459 6896 4007 3593 8622 3369 6159 8062 6732 9138 
25 6933 1595 3937 3903 5207 5860 8933 9461 4446 7484 1329 8611 1701 8140 4815 1611 599 3445 6662 7055 2065 7508 7731 2099 977 
28 7080 3240 6319 7871 1442 1907 1794 33 2433 5861 1207 8889 3127 5367 1553 4365 8221 9553 4924 2742 8280 351 3998 2731 65 1327 1690 3952 
30 7136 8561 3551 5721 4650 9899 5307 4673 9880 7693 8603 7761 6707 4823 4825 1929 1401 7271 9893 6526 9512 6641 1843 9789 6103 4360 2094 9071 8216 3531 
28 7245 7511 6778 1278 3992 1787 3019 3647 5074 9562 1460 116 9160 9024 214 9297 5640 6127 4285 3338 9205 7520 9253 7152 2544 950 6843 2103 
29 7318 7914 6982 2785 9755 1597 6876 8798 2674 6535 5133 4856 7466 2935 1126 1314 8787 9852 4164 8420 6528 5271 8102 8632 8672 731 9003 224 4131 
30 7320 6257 9695 6258 2860 5102 6551 8488 3465 2960 1694 8296 6367 2811 5426 8168 9674 3432 8537 8208 7535 4283 4267 6260 1800 8987 937 5481 2007 592 
26 7418 8339 8513 2755 8693 4530 9565 1127 7703 1233 7068 4376 3317 2114 6147 5485 8158 3419 4451 1335 4859 1731 4042 3173 4866 1911 
29 7590 4574 9336 1670 2252 4152 813 5580 4083 3340 8318 9728 9906 1661 5804 5622 8226 4865 7357 9711 7904 8287 2483 485 8343 127 4643 4685 7722 
28 7643 6770 9441 6155 6445 919 8257 2771 4348 5700 5035 9839 1389 5894 58 5577 635 8837 478 9676 5754 7303 6986 1546 6325 4346 9018 9802 
27 7678 1359 7694 2963 4716 1133 8532 1549 1301 3797 4892 1102 4776 7515 3927 8900 4499 3768 5364 4324 5589 6317 8306 6181 4352 3633 8009 
29 7759 4107 7096 8400 9606 1737 4181 8754 3528 1012 5769 3565 6586 5791 8512 8137 1451 1457 6521 7438 5385 8674 8473 2210 9819 5812 47 6776 8887 
30 7833 2156 4057 6864 3582 1462 5883 216 1440 4205 4562 5490 2547 5404 5913 1847 3941 5540 7758 6621 4752 6505 1230 9333 9539 8542 1543 5471 9161 6537 
29 7851 2191 5846 1139 4 6922 5229 319 8646 4003 5976 9760 933 3834 1056 4011 2077 9098 9021 8571 6314 2750 9062 2619 9637 9353 3197 1672 6279 
28 8019 8246 4543 4099 9120 7436 2301 150 7660 1971 7522 6145 8332 5132 9588 418 414 5617 7632 3485 7627 7827 4409 9523 2478 9423 7850 7260 
29 8033 4398 9850 5794 2756 5829 9322 8368 6522 4194 2722 9067 2153 4215 1914 5356 4838 6724 1955 9566 5961 1481 3374 5660 8018 2902 2215 4712 7264 
28 8103 2711 9868 1818 1505 8250 7065 1707 9231 4262 1158 5083 9370 6060 3026 6539 1088 8041 2974 6023 469 7498 3841 1449 1943 2306 4256 9481 
29 8172 6152 563 2573 2966 9391 7878 9986 9949 5879 2011 8892 4599 3382 2348 4814 3805 2453 9644 4203 4744 1232 8323 9524 2567 1615 9968 8683 6511 
30 8232 1312 3471 7724 1554 304 7259 184 7392 6236 4542 4941 545 2685 4713 3271 254 4693 5755 3125 3822 6247 2035 8738 5380 4297 3355 4548 7066 6405 
29 8450 5645 2874 3694 1178 4694 9183 1725 3532 6989 1867 4100 9287 157 7018 6350 56 1216 8403 4225 8881 1912 2109 3111 9788 1486 8978 362 5723 
29 8544 90 8903 6655 4560 7723 1095 3669 8249 8974 8894 2502 9434 2056 2982 2888 8960 4453 9337 5338 6831 9379 2392 7306 892 1820 2031 8167 4915 
26 8725 7566 6461 3560 6815 1042 7467 4874 5821 3078 6354 115 3807 8338 4335 5040 6712 3433 104 6886 2199 2751 20 9991 3202 3021 
28 8854 5160 1060 5134 6973 3380 3836 7412 3439 1797 8652 8047 4612 7321 838 361 7221 9647 9017 7095 5762 699 7052 2844 2572 3072 6498 5044 
28 8980 7708 9227 5751 6237 7728 7891 2194 6515 7305 3515 8665 7288 6741 2741 449 5081 1732 4894 9578 7311 8789 7523 5196 6311 5621 2952 6614 
28 9053 8085 548 3005 1600 5654 1412 2136 9619 3215 5508 7122 2780 6192 4371 3389 14 222 8023 7168 4606 9574 1129 1878 517 2907 1345 7947 
26 9058 9194 1437 9787 422 375 62 7872 5274 7835 8147 7355 1044 3010 6670 4027 5651 3252 201 3523 1628 1686 4984 3668 5361 7162 
29 9141 5326 8977 7026 1644 6966 1131 2232 3500 6037 4564 8666 7739 5299 2312 4836 6792 2997 4330 1384 757 7445 2978 8747 251 990 5698 503 531 
29 9145 3171 8851 8049 5226 4192 1854 6747 1081 5238 3146 2397 3360 5993 3894 9823 756 2723 7403 4013 8451 1017 3729 8002 9041 6762 6332 5007 2507 
30 9151 9890 7216 227 1860 780 7180 3703 8831 9675 358 1852 3825 7554 2004 6208 8908 6384 4054 8491 4357 5362 945 9048 3023 948 1404 575 4516 4978 
31 9351 8698 3911 9699 7798 1562 6816 2748 6436 5900 620 7328 5818 2416 8142 5767 1783 6861 3085 5043 1582 4725 1722 4849 4449 149 5882 7951 9731 6898 6627 
26 9581 816 2152 4896 4476 6304 572 4251 1477 8602 4101 8536 9135 6772 6380 9169 9671 9144 3000 9775 1658 661 1834 9542 951 9643 
31 9670 1415 4568 4802 1059 2768 343 4350 6218 5822 6233 995 7213 3819 782 585 9424 6851 1117 4534 9016 3357 5684 8449 8556 4450 6867 1446 4257 7178 6576 
29 9738 9321 8607 6931 2263 1197 8439 1276 3479 901 5045 5096 223 189 1494 7184 6170 5493 5498 4861 6381 4220 3591 3542 9170 439 1270 4963 6835 
29 9822 6891 7030 7611 3064 9640 1994 1804 499 1603 9883 6225 1182 3456 673 5718 3067 6617 2133 3714 6219 9275 5452 632 7477 6203 4552 9847 3517 
27 9832 862 8399 1983 9804 3954 6657 1243 8649 4031 9420 4519 1618 331 4602 2300 7673 5899 8827 7634 4029 8763 6022 3993 145 3472 9700 
30 9861 1191 4088 16 879 8681 3741 1802 576 5547 5327 5828 9694 3446 66 618 6326 8113 864 1476 3270 2476 8852 9022 2976 3717 4561 7371 8180 4901 
31 9997 2648 5608 7331 1024 629 4942 7944 2409 5312 4483 4726 2062 4002 7589 7973 1706 802 5037 3602 1058 6549 4041 5922 195 1951 3936 1967 8585 4923 1990 
28 9925 8835 3302 1417 6278 9831 9184 7592 2832 893 8253 6510 6878 4551 8780 4656 1346 7578 4786 7640 867 9402 2824 4884 5725 9828 1727 6055 
28 934 2607 1807 9632 2343 9027 2609 939 6312 6630 4782 9057 1097 6044 5956 9659 4299 9473 4208 2621 6723 6239 2360 1279 2308 6397 2634 3227 
30 4523 6791 3534 5129 4400 5416 3731 4298 6979 3912 1039 4497 76 239 4986 3220 7044 3599 7591 7628 4670 2932 1617 7204 7073 4105 3406 2291 3159 2611 
28 3877 1348 7648 8053 9629 6826 209 1253 9733 878 4988 92 5330 2220 7779 9419 7103 2665 7211 8748 543 8393 6943 9476 1385 1255 9555 85 
27 5465 9031 8952 9042 1325 4391 7952 9961 8620 9240 2989 6263 4383 5417 568 4421 514 6387 1563 4508 7657 5558 5665 9759 8682 8619 2783 
31 6197 4433 8797 7699 3898 73 8012 3103 7748 2274 4396 1189 7753 322 387 3568 5202 7778 2485 247 9641 7067 4022 2074 7857 2638 3354 5256 6883 3918 7907 
29 7822 5939 6151 2003 3009 1588 4703 6971 1555 6715 5951 2355 133 4420 2151 1536 6940 4143 7283 7506 6700 1663 4426 4255 2398 7050 5948 8387 9958 
28 9328 5195 2472 1390 9165 6299 9133 8042 1269 1493 9116 3629 1936 4368 5971 6306 4321 6958 7710 5866 8229 3154 2427 2211 4895 3589 3829 3143 
28 8315 6600 9459 5109 8910 792 2242 7316 9885 5068 9910 9703 8604 4382 1135 7681 101 6288 8868 4982 8136 6583 2250 8146 3311 368 1268 7652 
29 1965 8730 8166 6474 2841 7974 6990 6738 1326 4997 7407 1630 2066 3251 4417 5214 8599 8333 7023 5103 2458 9638 3823 4362 2383 4196 3057 2556 1508 
28 8709 6001 5069 3618 6382 3391 515 3573 8911 1032 21 1395 8721 4343 3747 5746 8773 1973 608 6870 5743 7905 4979 5402 6153 4827 8879 6491 
28 2452 4392 1186 7864 4386 9241 5348 9622 7163 6708 9970 5309 7838 3136 4743 3096 6644 6403 6689 3773 7504 8173 8633 4287 1316 2911 5021 6596 
28 7633 1691 5545 9385 9428 6766 7359 6470 4457 6697 7267 2408 5782 9959 9290 3641 9046 7433 3666 4233 1699 1497 2302 4020 796 4353 6061 2149 
30 746 2713 7448 26 8324 663 1257 4948 4550 2207 8689 452 7983 2852 6063 639 9876 1173 2568 8269 9693 5620 7954 7389 6981 6713 6308 4890 2585 7534 
29 6392 839 477 7232 7865 6112 4880 9737 5793 6224 609 1642 3441 3211 9276 2447 1366 3600 6401 5544 2669 1974 9069 6002 4841 6821 4135 9882 9784 
28 6808 625 1734 8431 4717 7742 9625 8727 8463 6300 5012 8055 6574 7766 2080 1103 169 6078 7829 8171 1252 8729 9879 4908 547 2189 7537 7348 
27 5955 8934 2876 2141 7430 5683 8328 8377 1679 2509 1548 741 4402 1879 1453 5546 7630 3790 5078 8021 6116 3699 4222 7411 8895 8784 447 
28 3815 476 4481 3417 8046 5351 5759 8642 323 8089 5291 5611 9 8630 4340 4470 444 4618 6346 707 6370 5305 6769 8197 12 2895 2134 5107 
28 3440 9594 523 2916 5244 8108 6634 311 848 3229 84 7785 5847 406 153 8295 6334 7563 8 7571 7686 6254 7220 4416 6327 7089 836 8696 
25 5354 698 5740 968 9033 4677 6566 2337 8680 1360 1564 5811 3705 1963 5827 716 244 1510 5004 7301 1877 3547 2848 7362 6804 
31 558 4246 8134 1809 3050 6822 1547 9485 4953 1519 5601 822 2699 1321 5720 7075 7558 5239 8804 3414 5630 1284 9132 4000 6541 9953 5110 1015 1638 8715 4916 
27 8097 3181 7496 7253 6556 2018 6652 565 7950 5480 1698 4603 1856 6321 6930 6758 1743 2127 136 3572 1112 2667 1937 3653 9786 277 1199 
28 8995 3482 7581 3518 5868 3847 4282 4048 943 1671 3863 1880 954 5048 3963 2216 9534 7093 8869 2733 118 1782 1811 2269 7930 9358 946 3642 
31 5500 3665 7329 8885 9621 4250 7870 3281 4193 9203 5222 3548 5766 6811 8279 9453 6594 3895 1789 4056 7241 9493 1208 9623 3081 4877 1634 7843 7474 9607 3748 
27 4077 4066 7183 5553 7986 768 164 2158 670 3105 9983 6763 7792 4779 7615 2708 7248 6678 3751 155 9859 7734 5795 8880 6496 2956 9418 
29 6042 1187 5041 7309 5116 8714 682 2410 2961 3254 5781 301 2495 2984 4669 6991 4244 4404 5458 6373 6536 3521 5286 3219 1626 4695 6960 6942 6172 
28 13 7781 4994 7244 4200 9678 2840 1322 6919 6572 1668 7387 6434 228 2724 5072 4080 3928 3615 1116 8600 6066 4505 1728 196 1601 5489 6806 
29 1817 6245 144 5668 6677 4053 3225 975 4385 465 7727 584 7340 7005 1530 5646 8498 2047 5841 5977 9028 7034 3655 1538 509 4913 7997 4419 7326 
30 9215 5613 3027 4311 1575 6411 6309 9808 3648 9375 4687 2539 2859 9411 9390 492 4740 5495 7624 6064 4928 4626 9744 2655 7440 2498 2501 5844 3530 9770 
29 7828 8545 9104 5127 7295 7715 8201 5296 9436 2835 3194 564 3695 3061 5943 2889 1403 2839 3973 8452 7920 2421 5341 2177 2691 3041 6271 9431 3082 
27 6638 23 8170 9797 4034 9115 8992 3541 7240 1120 569 1172 4092 1223 264 9483 3891 6964 3217 129 5437 9201 8515 1939 9398 7322 4275 
30 9049 3288 8523 7689 4480 3442 1795 4495 8609 4395 9848 7390 4898 7082 1163 8722 3609 3897 1537 3327 2460 3395 8806 1570 3995 8032 6704 8582 2481 511 
31 2993 4949 4122 3781 291 2137 3443 4231 2794 8458 2286 521 3846 9833 8963 559 8860 8029 7975 8331 8312 5321 5663 4462 9508 6431 1119 8750 5736 7270 2480 
29 1587 2765 9257 3339 9378 6718 4076 7054 2161 3069 3110 6238 1933 4511 1838 5373 3301 7206 5628 7133 9946 7255 7145 7465 4907 8110 8959 6842 5674 
27 8407 275 5213 9219 4573 7572 7379 4004 8211 2230 7071 2946 9233 8601 4230 1383 4043 9929 2580 1078 114 814 6506 9463 7772 4771 7527 
26 8546 9957 9951 7279 238 8913 9310 8874 5384 5509 1023 3795 3199 3723 9757 211 3371 4806 7434 7567 9348 8203 6059 2008 1559 4014 
26 5370 8386 487 9636 6123 91 3480 2179 4559 8369 2897 9081 5972 3102 7129 1656 4991 3342 8785 5735 5184 1786 1705 2123 3059 5517 
28 570 2090 1556 9352 3696 6794 4486 4454 3320 1092 4290 8855 9118 3461 6451 5880 1581 8230 6894 3032 4463 2884 6688 9134 4197 7174 8470 3634 
28 9561 7251 3867 6516 8651 1414 800 9425 871 4431 9993 1405 7150 7557 2581 5295 5212 772 8662 1513 8428 5873 4741 7711 6573 1678 6179 4329 
29 993 8447 544 7351 9515 4867 8375 4472 8840 6412 8862 2255 3635 3321 1504 2326 3574 4010 4372 9614 3809 3497 6840 8188 5702 7192 8916 5050 1185 
28 5062 6897 5756 6992 874 9190 3267 7777 2680 3865 7473 6552 6352 729 7844 8982 1645 7350 4663 9373 4729 372 2376 2393 41 9869 9015 1637 
29 666 9538 4660 4824 9273 5945 8957 9439 3341 5763 391 8562 1948 4098 1171 5731 9587 9726 438 2861 6834 1018 7799 5538 6920 3583 9580 126 7010 
27 2805 8121 554 5237 9095 7679 4722 1194 5071 8573 292 8390 1774 4855 5758 2110 3824 1246 6685 827 6342 3257 442 8218 1027 9838 694 
31 4322 4501 8654 3501 5115 3396 5460 5144 6221 2744 1354 8588 9921 9908 140 3622 863 2464 6166 4700 263 6110 6199 6004 1251 9849 6040 7788 9452 8360 5486 
28 2851 9764 7015 4458 3331 9721 8958 9172 3156 1545 9720 6976 249 7702 9666 5643 5399 9867 9532 5165 1979 9306 8836 7453 4228 8244 5609 7568 
27 6424 773 5555 1410 8613 6844 2129 9495 8182 3794 2325 2842 3585 2424 713 6223 255 7879 6875 4876 9840 6489 3948 1305 624 6149 9255 
27 1109 6668 1712 6509 1961 8417 402 1888 3167 7875 636 3849 2973 7058 7757 7898 4738 1565 1400 8704 5576 4848 6141 2709 8225 4707 3048 
27 1938 5049 3316 4926 4393 3348 7981 8904 1431 6252 3147 1046 9359 8610 6204 3884 3162 8138 4854 9245 4342 7714 8219 3734 5317 283 5211 
28 395 7222 915 8890 6504 4627 8790 4950 4025 1883 8917 686 5259 4617 2939 9681 8370 9405 6195 742 4245 9972 735 9667 9947 2268 6189 9768 
31 8099 6557 256 69 9754 949 3033 760 8322 3989 9593 7076 3686 3132 1517 86 1918 1195 1338 4023 9807 3736 4445 4121 7354 1518 4682 2441 8945 4364 63 
28 962 9718 6200 5113 2940 2323 81 7110 8553 2233 6256 3484 1003 8371 1968 48 4072 3869 2899 4187 8856 9715 9950 6324 6929 5161 6737 1099 
31 3611 4794 5914 9811 4834 738 6427 3243 2303 1089 8499 868 8769 8115 2165 1413 4378 381 8156 3550 6984 9541 9399 6702 4993 4061 1765 677 8236 3334 1635 
28 4753 1271 8286 6889 338 1639 9762 9531 1849 3431 8691 6114 5075 3896 2466 5688 3754 2639 8457 1157 3691 2117 2953 2866 9613 7029 2075 9404 
30 445 1038 4951 7191 9751 4636 5693 8679 8581 9289 8912 4062 5584 6814 9655 1621 2549 4737 2407 840 875 3296 7451 9036 8576 3450 426 24 4585 5269 
31 3236 5557 1704 8875 4966 7485 9242 9745 927 2624 5397 4844 5106 6206 877 7099 9430 4125 5287 3276 2473 454 8405 4971 8104 5017 5527 4580 1295 9918 7690 
27 2636 5583 7894 5456 6280 385 5315 4370 59 6191 8616 3584 8149 7893 7200 904 7410 8056 853 7193 1827 9948 4369 1227 3652 2532 6173 
25 3384 3701 4442 4248 7719 6393 7405 5277 7942 4720 9372 1544 8901 9570 1376 2246 6140 9926 206 8302 6577 6667 8986 2530 7796 
28 9714 1130 8678 5997 3405 4304 3090 3427 2318 363 360 2986 6849 5874 1308 1439 9066 7425 4879 165 6031 9449 4155 978 4702 2041 8774 8805 
28 6190 3681 7638 8872 2394 6616 1174 902 925 2799 648 3434 7312 382 234 5924 8310 307 5335 4939 7266 2729 1790 6828 2088 3467 1001 7641 
28 9872 1035 5197 6032 8445 4314 606 1302 8528 9548 5279 5689 8384 5800 984 2979 3890 8866 9511 3178 4537 8739 374 3214 2942 3985 1313 202 
29 4960 5535 9820 8297 3682 5585 9874 6676 6764 8289 168 4153 9855 4930 1853 2278 7437 4572 4899 8570 8071 3133 2079 6248 8247 3457 7966 7806 5690 
29 8849 811 8919 2614 5448 7158 883 1767 9270 4679 2763 123 3449 2759 8882 8759 5741 1623 1803 3597 3726 5792 6478 4459 9535 1105 696 4111 5921 
28 6021 1365 7120 6620 1123 6580 771 6978 5425 9835 9793 8824 225 5015 3108 388 297 1578 6307 7825 7420 2575 2865 7505 9642 3404 6969 8314 
27 4049 726 5156 1398 4628 2258 6359 6793 3675 3608 9780 7072 7696 9547 3073 3319 5357 6839 4269 7293 8485 7595 4271 9320 8011 7885 9343 
29 1769 4474 502 1745 5308 6464 4069 380 1897 1259 6856 8413 5063 1418 1719 4477 4538 6725 6734 3789 2196 6517 6659 4905 9517 6068 8353 7399 9527 
30 2378 8468 8565 3462 3164 1677 9315 2027 4640 9317 2028 384 3975 9278 2551 3786 1456 4118 5986 829 7874 1200 1155 4485 983 4571 6495 769 7854 973 
26 7613 2241 7394 9669 4355 1009 9437 219 4833 9502 5497 603 2204 6895 7196 8217 6487 2164 9516 8030 7339 7977 8777 7164 8941 7899 
29 7662 27 1842 2858 432 4156 3238 2154 9078 8476 7036 7863 907 5848 6006 7033 6726 3571 1931 2941 3466 1334 767 6774 4608 9679 3226 7654 124 
27 3968 6610 5462 6910 1659 4903 541 4465 1871 8466 3055 2076 7846 2645 1409 4614 9551 6900 1159 1019 7461 5009 634 860 1891 2968 3876 
27 9284 9791 9891 6177 9489 7117 5105 597 8067 7525 5198 5833 8422 6786 6518 3325 3244 4846 9319 423 1297 8174 6921 4699 3381 5473 5885 
26 9488 9992 8717 3139 2166 1203 7675 5802 7419 7925 2178 6882 2743 7310 1616 887 3007 8380 9331 2545 4850 2559 6447 3101 4526 9204 
26 9054 9366 5942 7976 504 1592 8718 7931 2457 8668 1799 832 7077 5477 1886 4541 1591 7821 7017 8965 3112 9112 7166 5507 2620 1596 
26 3265 281 2526 5724 473 5390 1427 6185 4440 1085 6908 9800 8095 5394 303 7079 1426 3097 1859 876 7717 5261 9244 7837 9724 6148 
33 5919 9246 5941 3312 4436 3323 2101 7299 9107 5887 2132 8325 3507 2033 9185 557 1894 9810 335 1336 7961 8525 6803 1438 542 7501 2732 9865 9563 3289 6094 7978 5707 
29 9742 7343 1816 7744 2051 4739 5522 8093 2238 4044 1307 8617 9964 2878 9845 2800 8578 6714 3046 4911 3012 8181 8474 1633 1470 2776 953 2267 6207 
27 8644 188 7552 9454 289 675 3430 5523 392 4443 778 1972 2082 6398 4676 379 834 5980 1075 6923 9146 9450 2063 7100 3664 3106 1993 
31 671 352 7014 2305 6563 3411 1055 5353 2574 2983 2001 4691 4504 4212 8661 3502 4157 3458 7834 4654 7832 9521 6034 8557 3627 7602 8708 8830 9444 9296 3810 
27 8267 1196 2599 1380 970 4969 6854 1602 615 2426 4410 2761 1353 3616 8972 324 8233 342 8664 7594 1183 6569 7121 7090 4592 1106 9969 
27 5798 6597 9492 5387 1421 6444 4567 7800 5512 1007 6138 8967 7701 1482 4258 52 285 8608 8692 401 2471 5088 6289 787 1629 2349 5644 
28 9440 3833 7752 1608 1715 4553 8442 1944 9491 9220 2802 3191 9222 9824 6483 8283 193 6760 535 7797 1987 366 3022 4783 5386 2067 2810 960 
26 2766 656 3855 8820 53 5670 3182 9457 8723 6800 2120 9043 1885 6439 1567 8336 8973 9656 5141 7658 4326 7125 480 340 6639 8629 
28 8595 5245 2228 906 1239 2053 6167 177 7661 7091 2826 1489 777 2342 958 5958 5957 4842 6043 2628 4024 7224 8742 2812 8117 103 7004 6135 
27 6845 4338 3643 2135 1441 5863 3520 6328 2955 1349 1589 5579 5909 4761 1221 649 355 847 2688 9114 6420 1005 8555 7280 574 7921 9192 
31 4852 8207 128 2769 9484 7668 9864 4745 6230 9254 6357 6287 8861 4919 1498 533 6134 775 6850 1950 923 9985 6285 9843 9468 6273 7868 79 3979 4714 7886 
28 9543 1425 9743 3919 9772 5671 8111 7880 266 1290 7811 7443 8639 8915 7431 9214 2327 3378 8800 4781 6855 5319 1527 8520 3663 1928 1954 6787 
30 2672 159 9361 5153 4123 6452 6643 6419 5969 4638 9500 6582 3435 2790 1873 3853 6768 2227 5927 9230 4216 3561 8853 3996 3237 5466 4590 2829 3444 8311 
29 3562 6720 2418 4006 9612 7147 7149 4356 7916 9126 2590 3490 4547 6137 628 3514 7385 645 2492 326 1940 6107 708 2883 7289 8712 4954 8589 98 
